2025-12-06T02:22:33+01:00	330989340	1675	0	-32	1.0.0	1764984152
2025-12-06T02:22:40+01:00	330989340	1670	0	-32	1.0.0	1764984158
2025-12-06T02:22:46+01:00	330989340	1673	0	-33	1.0.0	1764984165
2025-12-06T02:23:01+01:00	330989340	1662	0	-31	1.0.0	0
2025-12-06T02:23:07+01:00	330989340	1663	0	-32	1.0.0	1764984186
2025-12-06T02:23:13+01:00	330989340	1662	0	-32	1.0.0	1764984193
2025-12-06T02:23:19+01:00	330989340	1660	0	-31	1.0.0	1764984199
2025-12-06T02:23:25+01:00	330989340	1662	0	-31	1.0.0	1764984204
2025-12-06T02:23:31+01:00	330989340	1662	0	-33	1.0.0	1764984210
2025-12-06T02:23:37+01:00	330989340	1661	0	-32	1.0.0	1764984216
2025-12-06T02:23:43+01:00	330989340	1660	0	-32	1.0.0	1764984222
2025-12-06T02:23:49+01:00	330989340	1661	0	-32	1.0.0	1764984228
2025-12-06T02:23:55+01:00	330989340	1661	0	-32	1.0.0	1764984234
2025-12-06T02:24:01+01:00	330989340	1662	0	-30	1.0.0	1764984240
2025-12-06T02:24:06+01:00	330989340	1662	0	-32	1.0.0	1764984246
2025-12-06T02:24:12+01:00	330989340	1661	0	-31	1.0.0	1764984251
2025-12-06T02:24:18+01:00	330989340	1661	0	-32	1.0.0	1764984257
2025-12-06T02:24:24+01:00	330989340	1661	0	-31	1.0.0	1764984263
2025-12-06T02:24:30+01:00	330989340	1661	0	-31	1.0.0	1764984269
2025-12-06T02:24:36+01:00	330989340	1661	0	-32	1.0.0	1764984275
2025-12-06T02:24:41+01:00	330989340	1661	0	-31	1.0.0	1764984281
2025-12-06T02:24:47+01:00	330989340	1661	0	-31	1.0.0	1764984287
2025-12-06T02:24:54+01:00	330989340	1661	0	-31	1.0.0	1764984292
2025-12-06T02:24:59+01:00	330989340	1661	0	-31	1.0.0	1764984299
2025-12-06T02:25:05+01:00	330989340	1661	0	-31	1.0.0	1764984305
2025-12-06T02:25:11+01:00	330989340	1661	0	-31	1.0.0	1764984310
2025-12-06T02:25:17+01:00	330989340	1661	0	-31	1.0.0	1764984316
2025-12-06T02:25:23+01:00	330989340	1662	0	-31	1.0.0	1764984322
2025-12-06T02:25:28+01:00	330989340	1662	0	-31	1.0.0	1764984328
2025-12-06T02:25:34+01:00	330989340	1661	0	-32	1.0.0	1764984333
2025-12-06T02:25:40+01:00	330989340	1661	0	-32	1.0.0	1764984339
2025-12-06T02:25:46+01:00	330989340	1661	0	-32	1.0.0	1764984345
2025-12-06T02:25:51+01:00	330989340	1661	0	-32	1.0.0	1764984351
2025-12-06T02:25:57+01:00	330989340	1661	0	-32	1.0.0	1764984356
2025-12-06T02:26:03+01:00	330989340	1661	0	-32	1.0.0	1764984362
2025-12-06T02:26:09+01:00	330989340	1661	0	-32	1.0.0	1764984368
2025-12-06T02:26:15+01:00	330989340	1661	0	-31	1.0.0	1764984374
2025-12-06T02:26:20+01:00	330989340	1467	0	-32	1.0.0	1764984380
2025-12-06T02:26:26+01:00	330989340	1466	0	-33	1.0.0	1764984386
2025-12-06T02:26:32+01:00	330989340	1467	0	-32	1.0.0	1764984391
2025-12-06T02:26:38+01:00	330989340	1467	0	-32	1.0.0	1764984397
2025-12-06T02:26:44+01:00	330989340	1467	0	-32	1.0.0	1764984403
2025-12-06T02:26:50+01:00	330989340	1467	0	-32	1.0.0	1764984409
2025-12-06T02:26:56+01:00	330989340	1467	0	-31	1.0.0	1764984415
2025-12-06T02:27:02+01:00	330989340	1465	0	-32	1.0.0	1764984421
2025-12-06T02:27:08+01:00	330989340	1467	0	-32	1.0.0	1764984427
2025-12-06T02:27:14+01:00	330989340	1467	0	-32	1.0.0	1764984433
2025-12-06T02:27:20+01:00	330989340	1467	0	-31	1.0.0	1764984439
2025-12-06T02:27:26+01:00	330989340	1467	0	-33	1.0.0	1764984445
2025-12-06T02:27:32+01:00	330989340	1467	0	-32	1.0.0	1764984451
2025-12-06T02:27:38+01:00	330989340	1467	0	-33	1.0.0	1764984457
2025-12-06T02:27:43+01:00	330989340	1468	0	-32	1.0.0	1764984463
2025-12-06T02:27:49+01:00	330989340	1467	0	-33	1.0.0	1764984468
2025-12-06T02:27:55+01:00	330989340	1467	0	-32	1.0.0	1764984474
2025-12-06T02:28:01+01:00	330989340	1467	0	-31	1.0.0	1764984480
2025-12-06T02:28:07+01:00	330989340	1467	0	-32	1.0.0	1764984486
2025-12-06T02:28:13+01:00	330989340	1467	0	-32	1.0.0	1764984492
2025-12-06T02:28:19+01:00	330989340	1467	0	-32	1.0.0	1764984498
2025-12-06T02:28:24+01:00	330989340	1467	0	-32	1.0.0	1764984504
2025-12-06T02:28:30+01:00	330989340	1467	0	-32	1.0.0	1764984509
2025-12-06T02:28:36+01:00	330989340	1467	0	-31	1.0.0	1764984515
2025-12-06T02:28:42+01:00	330989340	1467	0	-31	1.0.0	1764984521
2025-12-06T02:28:48+01:00	330989340	1467	0	-31	1.0.0	1764984527
2025-12-06T02:28:54+01:00	330989340	1467	0	-31	1.0.0	1764984533
2025-12-06T02:28:59+01:00	330989340	1467	0	-31	1.0.0	1764984539
2025-12-06T02:29:05+01:00	330989340	1467	0	-31	1.0.0	1764984545
2025-12-06T02:29:11+01:00	330989340	1466	0	-31	1.0.0	1764984550
2025-12-06T02:29:17+01:00	330989340	1467	0	-31	1.0.0	1764984556
2025-12-06T02:29:23+01:00	330989340	1467	0	-31	1.0.0	1764984562
2025-12-06T02:29:29+01:00	330989340	1467	0	-31	1.0.0	1764984568
2025-12-06T02:29:34+01:00	330989340	1468	0	-31	1.0.0	1764984574
2025-12-06T02:29:40+01:00	330989340	1467	0	-31	1.0.0	1764984580
2025-12-06T02:29:46+01:00	330989340	1467	0	-31	1.0.0	1764984586
2025-12-06T02:29:52+01:00	330989340	1467	0	-32	1.0.0	1764984591
2025-12-06T02:29:58+01:00	330989340	1467	0	-31	1.0.0	1764984597
2025-12-06T02:30:03+01:00	330989340	1467	0	-31	1.0.0	1764984603
2025-12-06T02:30:09+01:00	330989340	1467	0	-31	1.0.0	1764984609
2025-12-06T02:30:15+01:00	330989340	1467	0	-31	1.0.0	1764984614
2025-12-06T02:30:21+01:00	330989340	1466	0	-31	1.0.0	1764984620
2025-12-06T02:30:27+01:00	330989340	1467	0	-31	1.0.0	1764984626
2025-12-06T02:30:33+01:00	330989340	1467	0	-32	1.0.0	1764984632
2025-12-06T02:30:39+01:00	330989340	1467	0	-32	1.0.0	1764984638
2025-12-06T02:30:45+01:00	330989340	1467	0	-32	1.0.0	1764984644
2025-12-06T02:30:50+01:00	330989340	1467	0	-32	1.0.0	1764984650
2025-12-06T02:30:56+01:00	330989340	1467	0	-31	1.0.0	1764984655
2025-12-06T02:31:02+01:00	330989340	1468	0	-32	1.0.0	1764984661
2025-12-06T02:31:08+01:00	330989340	1467	0	-32	1.0.0	1764984667
2025-12-06T02:31:14+01:00	330989340	1468	0	-32	1.0.0	1764984673
2025-12-06T02:31:20+01:00	330989340	1467	0	-32	1.0.0	1764984679
2025-12-06T02:31:26+01:00	330989340	1468	0	-32	1.0.0	1764984685
2025-12-06T02:31:32+01:00	330989340	1468	0	-32	1.0.0	1764984691
2025-12-06T02:31:38+01:00	330989340	1468	0	-32	1.0.0	1764984697
2025-12-06T02:31:44+01:00	330989340	1468	0	-32	1.0.0	1764984703
2025-12-06T02:31:49+01:00	330989340	1467	0	-32	1.0.0	1764984709
2025-12-06T02:31:55+01:00	330989340	1468	0	-32	1.0.0	1764984714
2025-12-06T02:32:01+01:00	330989340	1467	0	-32	1.0.0	1764984720
2025-12-06T02:32:07+01:00	330989340	1468	0	-32	1.0.0	1764984726
2025-12-06T02:32:13+01:00	330989340	1467	0	-31	1.0.0	1764984732
2025-12-06T02:32:19+01:00	330989340	1467	0	-31	1.0.0	1764984738
2025-12-06T02:32:24+01:00	330989340	1467	0	-32	1.0.0	1764984744
2025-12-06T02:32:30+01:00	330989340	1467	0	-30	1.0.0	1764984750
2025-12-06T02:32:37+01:00	330989340	1467	0	-30	1.0.0	1764984756
2025-12-06T02:32:42+01:00	330989340	1468	0	-31	1.0.0	1764984762
2025-12-06T02:32:48+01:00	330989340	1467	0	-31	1.0.0	1764984767
2025-12-06T02:32:54+01:00	330989340	1468	0	-32	1.0.0	1764984773
2025-12-06T02:33:00+01:00	330989340	1467	0	-32	1.0.0	1764984779
2025-12-06T02:33:06+01:00	330989340	1467	0	-32	1.0.0	1764984785
2025-12-06T02:33:12+01:00	330989340	1468	0	-32	1.0.0	1764984791
2025-12-06T02:33:17+01:00	330989340	1468	0	-32	1.0.0	1764984797
2025-12-06T02:33:23+01:00	330989340	1468	0	-32	1.0.0	1764984802
2025-12-06T02:33:29+01:00	330989340	1468	0	-32	1.0.0	1764984808
2025-12-06T02:33:35+01:00	330989340	1467	0	-32	1.0.0	1764984814
2025-12-06T02:33:41+01:00	330989340	1468	0	-32	1.0.0	1764984820
2025-12-06T02:33:47+01:00	330989340	1468	0	-32	1.0.0	1764984826
2025-12-06T02:33:52+01:00	330989340	1467	0	-32	1.0.0	1764984832
2025-12-06T02:33:58+01:00	330989340	1467	0	-32	1.0.0	1764984837
2025-12-06T02:34:04+01:00	330989340	1467	0	-31	1.0.0	1764984843
2025-12-06T02:34:10+01:00	330989340	1467	0	-32	1.0.0	1764984849
2025-12-06T02:34:15+01:00	330989340	1467	0	-31	1.0.0	1764984855
2025-12-06T02:34:21+01:00	330989340	1467	0	-32	1.0.0	1764984860
2025-12-06T02:34:27+01:00	330989340	1467	0	-31	1.0.0	1764984866
2025-12-06T02:34:33+01:00	330989340	1467	0	-30	1.0.0	1764984872
2025-12-06T02:34:39+01:00	330989340	1467	0	-30	1.0.0	1764984878
2025-12-06T02:34:44+01:00	330989340	1467	0	-32	1.0.0	1764984884
2025-12-06T02:34:50+01:00	330989340	1467	0	-31	1.0.0	1764984890
2025-12-06T02:34:56+01:00	330989340	1467	0	-31	1.0.0	1764984895
2025-12-06T02:35:02+01:00	330989340	1466	0	-31	1.0.0	1764984901
2025-12-06T02:35:08+01:00	330989340	1470	0	-30	1.0.0	1764984907
2025-12-06T02:35:14+01:00	330989340	1468	0	-30	1.0.0	1764984913
2025-12-06T02:35:19+01:00	330989340	1468	0	-32	1.0.0	1764984919
2025-12-06T02:35:25+01:00	330989340	1467	0	-32	1.0.0	1764984924
2025-12-06T02:35:31+01:00	330989340	1468	0	-31	1.0.0	1764984930
2025-12-06T02:35:37+01:00	330989340	1467	0	-30	1.0.0	1764984936
2025-12-06T02:35:43+01:00	330989340	1467	0	-31	1.0.0	1764984942
2025-12-06T02:35:49+01:00	330989340	1470	0	-30	1.0.0	1764984948
2025-12-06T02:35:55+01:00	330989340	1467	0	-30	1.0.0	1764984954
2025-12-06T02:36:01+01:00	330989340	1466	0	-30	1.0.0	1764984960
2025-12-06T02:36:07+01:00	330989340	1467	0	-31	1.0.0	1764984966
2025-12-06T02:36:12+01:00	330989340	1468	0	-32	1.0.0	1764984972
2025-12-06T02:36:18+01:00	330989340	1468	0	-32	1.0.0	1764984978
2025-12-06T02:36:24+01:00	330989340	1467	0	-32	1.0.0	1764984983
2025-12-06T02:36:30+01:00	330989340	1468	0	-31	1.0.0	1764984989
2025-12-06T02:36:36+01:00	330989340	1468	0	-30	1.0.0	1764984995
2025-12-06T02:36:42+01:00	330989340	1467	0	-31	1.0.0	1764985001
2025-12-06T02:36:48+01:00	330989340	1468	0	-31	1.0.0	1764985007
2025-12-06T02:36:54+01:00	330989340	1468	0	-31	1.0.0	1764985013
2025-12-06T02:36:59+01:00	330989340	1467	0	-31	1.0.0	1764985019
2025-12-06T02:37:05+01:00	330989340	1468	0	-31	1.0.0	1764985024
2025-12-06T02:37:11+01:00	330989340	1467	0	-31	1.0.0	1764985030
2025-12-06T02:37:17+01:00	330989340	1468	0	-31	1.0.0	1764985036
2025-12-06T02:37:23+01:00	330989340	1468	0	-31	1.0.0	1764985042
2025-12-06T02:37:29+01:00	330989340	1467	0	-30	1.0.0	1764985048
2025-12-06T02:37:35+01:00	330989340	1468	0	-30	1.0.0	1764985054
2025-12-06T02:37:40+01:00	330989340	1467	0	-30	1.0.0	1764985060
2025-12-06T02:37:46+01:00	330989340	1468	0	-31	1.0.0	1764985066
2025-12-06T02:37:52+01:00	330989340	1468	0	-32	1.0.0	1764985071
2025-12-06T02:37:58+01:00	330989340	1467	0	-32	1.0.0	1764985077
2025-12-06T02:38:03+01:00	330989340	1467	0	-31	1.0.0	1764985083
2025-12-06T02:38:09+01:00	330989340	1468	0	-32	1.0.0	1764985089
2025-12-06T02:38:15+01:00	330989340	1470	0	-31	1.0.0	1764985094
2025-12-06T02:38:21+01:00	330989340	1467	0	-31	1.0.0	1764985100
2025-12-06T02:38:27+01:00	330989340	1467	0	-30	1.0.0	1764985106
2025-12-06T02:38:32+01:00	330989340	1467	0	-31	1.0.0	1764985112
2025-12-06T02:38:38+01:00	330989340	1467	0	-31	1.0.0	1764985117
2025-12-06T02:38:44+01:00	330989340	1467	0	-30	1.0.0	1764985123
2025-12-06T02:38:50+01:00	330989340	1468	0	-30	1.0.0	1764985129
2025-12-06T02:38:56+01:00	330989340	1468	0	-31	1.0.0	1764985135
2025-12-06T02:39:01+01:00	330989340	1468	0	-30	1.0.0	1764985141
2025-12-06T02:39:07+01:00	330989340	1467	0	-31	1.0.0	1764985146
2025-12-06T02:39:13+01:00	330989340	1468	0	-31	1.0.0	1764985152
2025-12-06T02:39:19+01:00	330989340	1468	0	-32	1.0.0	1764985158
2025-12-06T02:39:25+01:00	330989340	1468	0	-30	1.0.0	1764985164
2025-12-06T02:39:31+01:00	330989340	1468	0	-31	1.0.0	1764985170
2025-12-06T02:39:37+01:00	330989340	1467	0	-30	1.0.0	1764985176
2025-12-06T02:39:42+01:00	330989340	1468	0	-30	1.0.0	1764985182
2025-12-06T02:39:48+01:00	330989340	1467	0	-31	1.0.0	1764985187
2025-12-06T02:39:54+01:00	330989340	1468	0	-30	1.0.0	1764985193
2025-12-06T02:40:00+01:00	330989340	1467	0	-31	1.0.0	1764985199
2025-12-06T02:40:06+01:00	330989340	1470	0	-31	1.0.0	1764985205
2025-12-06T02:40:12+01:00	330989340	1468	0	-31	1.0.0	1764985211
2025-12-06T02:40:17+01:00	330989340	1467	0	-31	1.0.0	1764985217
2025-12-06T02:40:23+01:00	330989340	1467	0	-30	1.0.0	1764985223
2025-12-06T02:40:29+01:00	330989340	1467	0	-31	1.0.0	1764985228
2025-12-06T02:40:35+01:00	330989340	1468	0	-30	1.0.0	1764985234
2025-12-06T02:40:41+01:00	330989340	1467	0	-32	1.0.0	1764985240
2025-12-06T02:40:46+01:00	330989340	1467	0	-31	1.0.0	1764985246
2025-12-06T02:40:52+01:00	330989340	1469	0	-31	1.0.0	1764985252
2025-12-06T02:40:58+01:00	330989340	1464	0	-31	1.0.0	1764985257
2025-12-06T02:41:04+01:00	330989340	1468	0	-31	1.0.0	1764985263
2025-12-06T02:41:10+01:00	330989340	1468	0	-31	1.0.0	1764985269
2025-12-06T02:41:16+01:00	330989340	1468	0	-31	1.0.0	1764985275
2025-12-06T02:41:21+01:00	330989340	1468	0	-32	1.0.0	1764985281
2025-12-06T02:41:27+01:00	330989340	1468	0	-31	1.0.0	1764985287
2025-12-06T02:41:33+01:00	330989340	1467	0	-32	1.0.0	1764985292
2025-12-06T02:41:39+01:00	330989340	1468	0	-30	1.0.0	1764985298
2025-12-06T02:41:45+01:00	330989340	1467	0	-31	1.0.0	1764985304
2025-12-06T02:41:51+01:00	330989340	1467	0	-32	1.0.0	1764985310
2025-12-06T02:41:56+01:00	330989340	1467	0	-32	1.0.0	1764985316
2025-12-06T02:42:02+01:00	330989340	1468	0	-32	1.0.0	1764985321
2025-12-06T02:42:08+01:00	330989340	1468	0	-32	1.0.0	1764985327
2025-12-06T02:42:14+01:00	330989340	1468	0	-32	1.0.0	1764985333
2025-12-06T02:42:20+01:00	330989340	1467	0	-31	1.0.0	1764985339
2025-12-06T02:42:26+01:00	330989340	1465	0	-32	1.0.0	1764985345
2025-12-06T02:42:32+01:00	330989340	1467	0	-32	1.0.0	1764985351
2025-12-06T02:42:38+01:00	330989340	1467	0	-32	1.0.0	1764985357
2025-12-06T02:42:43+01:00	330989340	1468	0	-32	1.0.0	1764985363
2025-12-06T02:42:49+01:00	330989340	1468	0	-32	1.0.0	1764985369
2025-12-06T02:42:55+01:00	330989340	1468	0	-32	1.0.0	1764985374
2025-12-06T02:43:01+01:00	330989340	1468	0	-32	1.0.0	1764985380
2025-12-06T02:43:07+01:00	330989340	1468	0	-32	1.0.0	1764985386
2025-12-06T02:43:13+01:00	330989340	1468	0	-32	1.0.0	1764985392
2025-12-06T02:43:19+01:00	330989340	1467	0	-32	1.0.0	1764985398
2025-12-06T02:43:24+01:00	330989340	1468	0	-32	1.0.0	1764985404
2025-12-06T02:43:30+01:00	330989340	1467	0	-32	1.0.0	1764985410
2025-12-06T02:43:36+01:00	330989340	1468	0	-32	1.0.0	1764985415
2025-12-06T02:43:42+01:00	330989340	1468	0	-32	1.0.0	1764985421
2025-12-06T02:43:48+01:00	330989340	1467	0	-32	1.0.0	1764985427
2025-12-06T02:43:54+01:00	330989340	1467	0	-32	1.0.0	1764985433
2025-12-06T02:44:00+01:00	330989340	1467	0	-32	1.0.0	1764985439
2025-12-06T02:44:05+01:00	330989340	1467	0	-31	1.0.0	1764985445
2025-12-06T02:44:11+01:00	330989340	1467	0	-32	1.0.0	1764985451
2025-12-06T02:44:17+01:00	330989340	1468	0	-32	1.0.0	1764985456
2025-12-06T02:44:23+01:00	330989340	1467	0	-32	1.0.0	1764985462
2025-12-06T02:44:29+01:00	330989340	1467	0	-31	1.0.0	1764985468
2025-12-06T02:44:34+01:00	330989340	1467	0	-31	1.0.0	1764985474
2025-12-06T02:44:40+01:00	330989340	1467	0	-30	1.0.0	1764985479
2025-12-06T02:44:46+01:00	330989340	1468	0	-32	1.0.0	1764985485
2025-12-06T02:44:52+01:00	330989340	1468	0	-30	1.0.0	1764985491
2025-12-06T02:44:58+01:00	330989340	1466	0	-30	1.0.0	1764985497
2025-12-06T02:45:03+01:00	330989340	1467	0	-32	1.0.0	1764985503
2025-12-06T02:45:09+01:00	330989340	1467	0	-31	1.0.0	1764985508
2025-12-06T02:45:15+01:00	330989340	1468	0	-32	1.0.0	1764985514
2025-12-06T02:45:21+01:00	330989340	1467	0	-31	1.0.0	1764985520
2025-12-06T02:45:27+01:00	330989340	1467	0	-32	1.0.0	1764985526
2025-12-06T02:45:33+01:00	330989340	1468	0	-31	1.0.0	1764985532
2025-12-06T02:45:38+01:00	330989340	1468	0	-31	1.0.0	1764985538
2025-12-06T02:45:44+01:00	330989340	1468	0	-32	1.0.0	1764985543
2025-12-06T02:45:50+01:00	330989340	1467	0	-31	1.0.0	1764985549
2025-12-06T02:45:56+01:00	330989340	1467	0	-31	1.0.0	1764985555
2025-12-06T02:46:02+01:00	330989340	1467	0	-31	1.0.0	1764985561
2025-12-06T02:46:08+01:00	330989340	1467	0	-32	1.0.0	1764985567
2025-12-06T02:46:13+01:00	330989340	1469	0	-32	1.0.0	1764985573
2025-12-06T02:46:19+01:00	330989340	1465	0	-31	1.0.0	1764985579
2025-12-06T02:46:25+01:00	330989340	1467	0	-30	1.0.0	1764985585
2025-12-06T02:46:31+01:00	330989340	1467	0	-32	1.0.0	1764985591
2025-12-06T02:46:37+01:00	330989340	1467	0	-32	1.0.0	1764985596
2025-12-06T02:46:43+01:00	330989340	1468	0	-31	1.0.0	1764985602
2025-12-06T02:46:49+01:00	330989340	1468	0	-32	1.0.0	1764985608
2025-12-06T02:46:55+01:00	330989340	1467	0	-32	1.0.0	1764985614
2025-12-06T02:47:01+01:00	330989340	1467	0	-32	1.0.0	1764985620
2025-12-06T02:47:07+01:00	330989340	1468	0	-31	1.0.0	1764985626
2025-12-06T02:47:13+01:00	330989340	1466	0	-32	1.0.0	1764985632
2025-12-06T02:47:18+01:00	330989340	1467	0	-31	1.0.0	1764985638
2025-12-06T02:47:24+01:00	330989340	1468	0	-31	1.0.0	1764985644
2025-12-06T02:47:30+01:00	330989340	1468	0	-30	1.0.0	1764985649
2025-12-06T02:47:36+01:00	330989340	1467	0	-32	1.0.0	1764985655
2025-12-06T02:47:42+01:00	330989340	1467	0	-30	1.0.0	1764985661
2025-12-06T02:47:48+01:00	330989340	1467	0	-32	1.0.0	1764985667
2025-12-06T02:47:54+01:00	330989340	1468	0	-32	1.0.0	1764985673
2025-12-06T02:47:59+01:00	330989340	1467	0	-31	1.0.0	1764985679
2025-12-06T02:48:07+01:00	330989340	1467	0	-31	1.0.0	1764985685
2025-12-06T02:48:13+01:00	330989340	1467	0	-32	1.0.0	1764985692
2025-12-06T02:48:19+01:00	330989340	1466	0	-30	1.0.0	1764985698
2025-12-06T02:48:25+01:00	330989340	1467	0	-30	1.0.0	1764985704
2025-12-06T02:48:31+01:00	330989340	1468	0	-32	1.0.0	1764985710
2025-12-06T02:48:37+01:00	330989340	1467	0	-31	1.0.0	1764985716
2025-12-06T02:48:42+01:00	330989340	1468	0	-30	1.0.0	1764985722
2025-12-06T02:48:48+01:00	330989340	1467	0	-32	1.0.0	1764985728
2025-12-06T02:48:54+01:00	330989340	1467	0	-32	1.0.0	1764985733
2025-12-06T02:49:00+01:00	330989340	1467	0	-32	1.0.0	1764985739
2025-12-06T02:49:06+01:00	330989340	1467	0	-32	1.0.0	1764985745
2025-12-06T02:49:12+01:00	330989340	1467	0	-32	1.0.0	1764985751
2025-12-06T02:49:17+01:00	330989340	1467	0	-32	1.0.0	1764985757
2025-12-06T02:49:23+01:00	330989340	1467	0	-32	1.0.0	1764985763
2025-12-06T02:49:29+01:00	330989340	1467	0	-30	1.0.0	1764985768
2025-12-06T02:49:35+01:00	330989340	1466	0	-31	1.0.0	1764985774
2025-12-06T02:49:41+01:00	330989340	1466	0	-31	1.0.0	1764985780
2025-12-06T02:49:46+01:00	330989340	1467	0	-32	1.0.0	1764985786
2025-12-06T02:49:52+01:00	330989340	1467	0	-30	1.0.0	1764985792
2025-12-06T02:49:58+01:00	330989340	1468	0	-31	1.0.0	1764985797
2025-12-06T02:50:04+01:00	330989340	1467	0	-31	1.0.0	1764985803
2025-12-06T02:50:10+01:00	330989340	1467	0	-32	1.0.0	1764985809
2025-12-06T02:50:16+01:00	330989340	1468	0	-32	1.0.0	1764985815
2025-12-06T02:50:21+01:00	330989340	1467	0	-32	1.0.0	1764985821
2025-12-06T02:50:27+01:00	330989340	1467	0	-31	1.0.0	1764985826
2025-12-06T02:50:33+01:00	330989340	1467	0	-32	1.0.0	1764985832
2025-12-06T02:50:39+01:00	330989340	1468	0	-32	1.0.0	1764985838
2025-12-06T02:50:45+01:00	330989340	1468	0	-32	1.0.0	1764985844
2025-12-06T02:50:51+01:00	330989340	1466	0	-31	1.0.0	1764985850
2025-12-06T02:50:57+01:00	330989340	1468	0	-32	1.0.0	1764985856
2025-12-06T02:51:02+01:00	330989340	1467	0	-32	1.0.0	1764985862
2025-12-06T02:51:08+01:00	330989340	1467	0	-30	1.0.0	1764985867
2025-12-06T02:51:14+01:00	330989340	1468	0	-31	1.0.0	1764985873
2025-12-06T02:51:20+01:00	330989340	1467	0	-30	1.0.0	1764985879
2025-12-06T02:51:26+01:00	330989340	1467	0	-32	1.0.0	1764985885
2025-12-06T02:51:32+01:00	330989340	1467	0	-30	1.0.0	1764985891
2025-12-06T02:51:38+01:00	330989340	1468	0	-30	1.0.0	1764985897
2025-12-06T02:51:43+01:00	330989340	1467	0	-30	1.0.0	1764985903
2025-12-06T02:51:49+01:00	330989340	1467	0	-32	1.0.0	1764985908
2025-12-06T02:51:55+01:00	330989340	1467	0	-32	1.0.0	1764985915
2025-12-06T02:52:01+01:00	330989340	1462	0	-31	1.0.0	1764985920
2025-12-06T02:52:07+01:00	330989340	1467	0	-32	1.0.0	1764985926
2025-12-06T02:52:13+01:00	330989340	1467	0	-31	1.0.0	1764985932
2025-12-06T02:52:18+01:00	330989340	1467	0	-32	1.0.0	1764985938
2025-12-06T02:52:24+01:00	330989340	1468	0	-31	1.0.0	1764985943
2025-12-06T02:52:30+01:00	330989340	1467	0	-31	1.0.0	1764985949
2025-12-06T02:52:36+01:00	330989340	1468	0	-31	1.0.0	1764985955
2025-12-06T02:52:42+01:00	330989340	1468	0	-31	1.0.0	1764985961
2025-12-06T02:52:48+01:00	330989340	1467	0	-32	1.0.0	1764985967
2025-12-06T02:52:54+01:00	330989340	1467	0	-32	1.0.0	1764985973
2025-12-06T02:53:00+01:00	330989340	1468	0	-31	1.0.0	1764985979
2025-12-06T02:53:06+01:00	330989340	1469	0	-31	1.0.0	1764985985
2025-12-06T02:53:11+01:00	330989340	1467	0	-32	1.0.0	1764985991
2025-12-06T02:53:17+01:00	330989340	1468	0	-31	1.0.0	1764985996
2025-12-06T02:53:23+01:00	330989340	1467	0	-32	1.0.0	1764986002
2025-12-06T02:53:29+01:00	330989340	1468	0	-32	1.0.0	1764986008
2025-12-06T02:53:35+01:00	330989340	1470	0	-32	1.0.0	1764986014
2025-12-06T02:53:40+01:00	330989340	1468	0	-32	1.0.0	1764986020
2025-12-06T02:53:46+01:00	330989340	1469	0	-31	1.0.0	1764986025
2025-12-06T02:53:52+01:00	330989340	1468	0	-32	1.0.0	1764986031
2025-12-06T02:53:58+01:00	330989340	1468	0	-31	1.0.0	1764986037
2025-12-06T02:54:04+01:00	330989340	1470	0	-30	1.0.0	1764986043
2025-12-06T02:54:09+01:00	330989340	1468	0	-31	1.0.0	1764986048
2025-12-06T02:54:15+01:00	330989340	1467	0	-31	1.0.0	1764986055
2025-12-06T02:54:21+01:00	330989340	1468	0	-32	1.0.0	1764986060
2025-12-06T02:54:27+01:00	330989340	1468	0	-32	1.0.0	1764986066
2025-12-06T02:54:33+01:00	330989340	1468	0	-33	1.0.0	1764986072
2025-12-06T02:54:39+01:00	330989340	1468	0	-32	1.0.0	1764986078
2025-12-06T02:54:45+01:00	330989340	1468	0	-31	1.0.0	1764986084
2025-12-06T02:54:51+01:00	330989340	1468	0	-32	1.0.0	1764986090
2025-12-06T02:54:57+01:00	330989340	1468	0	-32	1.0.0	1764986096
2025-12-06T02:55:03+01:00	330989340	1468	0	-32	1.0.0	1764986102
2025-12-06T02:55:09+01:00	330989340	1468	0	-33	1.0.0	1764986108
2025-12-06T02:55:15+01:00	330989340	1468	0	-32	1.0.0	1764986114
2025-12-06T02:55:21+01:00	330989340	1468	0	-32	1.0.0	1764986120
2025-12-06T02:55:26+01:00	330989340	1468	0	-32	1.0.0	1764986126
2025-12-06T02:55:32+01:00	330989340	1466	0	-31	1.0.0	1764986132
2025-12-06T02:55:38+01:00	330989340	1467	0	-32	1.0.0	1764986138
2025-12-06T02:55:44+01:00	330989340	1468	0	-32	1.0.0	1764986143
2025-12-06T02:55:50+01:00	330989340	1468	0	-32	1.0.0	1764986149
2025-12-06T02:55:56+01:00	330989340	1468	0	-31	1.0.0	1764986155
2025-12-06T02:56:02+01:00	330989340	1468	0	-31	1.0.0	1764986161
2025-12-06T02:56:09+01:00	330989340	1468	0	-31	1.0.0	1764986167
2025-12-06T02:56:15+01:00	330989340	1468	0	-32	1.0.0	1764986174
2025-12-06T02:56:21+01:00	330989340	1467	0	-32	1.0.0	1764986180
2025-12-06T02:56:27+01:00	330989340	1468	0	-32	1.0.0	1764986186
2025-12-06T02:56:33+01:00	330989340	1467	0	-31	1.0.0	1764986192
2025-12-06T02:56:39+01:00	330989340	1468	0	-32	1.0.0	1764986198
2025-12-06T02:56:45+01:00	330989340	1468	0	-31	1.0.0	1764986204
2025-12-06T02:56:51+01:00	330989340	1468	0	-31	1.0.0	1764986210
2025-12-06T02:56:57+01:00	330989340	1467	0	-31	1.0.0	1764986216
2025-12-06T02:57:03+01:00	330989340	1468	0	-31	1.0.0	1764986222
2025-12-06T02:57:09+01:00	330989340	1467	0	-32	1.0.0	1764986229
2025-12-06T02:57:18+01:00	330989340	1468	0	-31	1.0.0	1764986235
2025-12-06T02:57:24+01:00	330989340	1468	0	-31	1.0.0	1764986243
2025-12-06T02:57:29+01:00	330989340	1468	0	-31	1.0.0	1764986249
2025-12-06T02:57:35+01:00	330989340	1468	0	-31	1.0.0	1764986254
2025-12-06T02:57:41+01:00	330989340	1467	0	-32	1.0.0	1764986260
2025-12-06T02:57:47+01:00	330989340	1469	0	-31	1.0.0	1764986266
2025-12-06T02:57:53+01:00	330989340	1468	0	-31	1.0.0	1764986272
2025-12-06T02:57:59+01:00	330989340	1466	0	-31	1.0.0	1764986278
2025-12-06T02:58:05+01:00	330989340	1468	0	-31	1.0.0	1764986284
2025-12-06T02:58:10+01:00	330989340	1468	0	-31	1.0.0	1764986290
2025-12-06T02:58:16+01:00	330989340	1468	0	-31	1.0.0	1764986296
2025-12-06T02:58:22+01:00	330989340	1468	0	-31	1.0.0	1764986302
2025-12-06T02:58:28+01:00	330989340	1467	0	-32	1.0.0	1764986308
2025-12-06T02:58:34+01:00	330989340	1468	0	-31	1.0.0	1764986313
2025-12-06T02:58:40+01:00	330989340	1468	0	-32	1.0.0	1764986319
2025-12-06T02:58:46+01:00	330989340	1467	0	-32	1.0.0	1764986325
2025-12-06T02:58:51+01:00	330989340	1468	0	-32	1.0.0	1764986331
2025-12-06T02:58:57+01:00	330989340	1469	0	-31	1.0.0	1764986336
2025-12-06T02:59:03+01:00	330989340	1468	0	-30	1.0.0	1764986342
2025-12-06T02:59:09+01:00	330989340	1468	0	-31	1.0.0	1764986348
2025-12-06T02:59:20+01:00	330989340	1468	0	-54	1.0.0	1764986356
2025-12-06T02:59:27+01:00	330989340	1468	0	-55	1.0.0	1764986365
2025-12-06T02:59:36+01:00	330989340	1467	0	-50	1.0.0	1764986373
2025-12-06T02:59:45+01:00	330989340	1468	0	-48	1.0.0	1764986381
2025-12-06T02:59:51+01:00	330989340	1467	0	-48	1.0.0	1764986390
2025-12-06T02:59:58+01:00	330989340	1467	0	-54	1.0.0	1764986396
2025-12-06T03:00:04+01:00	330989340	1467	0	-57	1.0.0	1764986404
2025-12-06T03:00:10+01:00	330989340	1467	0	-48	1.0.0	1764986409
2025-12-06T03:00:16+01:00	330989340	1465	0	-46	1.0.0	1764986413
2025-12-06T03:00:22+01:00	330989340	1467	0	-56	1.0.0	1764986421
2025-12-06T03:00:28+01:00	330989340	1467	0	-49	1.0.0	1764986428
2025-12-06T03:00:34+01:00	330989340	1467	0	-48	1.0.0	1764986433
2025-12-08T22:59:12+01:00	330989340	9	0	-38	1.0.0	0
2025-12-08T22:59:18+01:00	330989340	8	0	-30	1.0.0	1765231157
2025-12-08T22:59:24+01:00	330989340	9	0	-29	1.0.0	1765231163
2025-12-08T22:59:30+01:00	330989340	8	0	-31	1.0.0	1765231169
2025-12-08T22:59:36+01:00	330989340	1266	0	-36	1.0.0	1765231175
2025-12-08T22:59:42+01:00	330989340	967	0	-30	1.0.0	1765231181
2025-12-08T22:59:48+01:00	330989340	1266	0	-32	1.0.0	1765231187
2025-12-08T22:59:54+01:00	330989340	1469	0	-31	1.0.0	1765231193
2025-12-08T23:00:00+01:00	330989340	1662	0	-32	1.0.0	1765231199
2025-12-08T23:00:06+01:00	330989340	1483	0	-30	1.0.0	1765231205
2025-12-08T23:00:12+01:00	330989340	1660	0	-25	1.0.0	1765231211
2025-12-08T23:00:18+01:00	330989340	1660	0	-27	1.0.0	1765231217
2025-12-08T23:00:24+01:00	330989340	1661	0	-26	1.0.0	1765231223
2025-12-08T23:00:30+01:00	330989340	1467	0	-26	1.0.0	1765231229
2025-12-08T23:00:35+01:00	330989340	1466	0	-27	1.0.0	1765231235
2025-12-08T23:00:42+01:00	330989340	1260	0	-29	1.0.0	1765231240
2025-12-08T23:00:47+01:00	330989340	1261	0	-29	1.0.0	1765231247
2025-12-08T23:00:54+01:00	330989340	956	0	-28	1.0.0	1765231252
2025-12-08T23:01:00+01:00	330989340	965	0	-30	1.0.0	1765231259
2025-12-08T23:01:05+01:00	330989340	964	0	-30	1.0.0	1765231265
2025-12-08T23:01:11+01:00	330989340	603	0	-29	1.0.0	1765231271
2025-12-08T23:01:17+01:00	330989340	603	0	-27	1.0.0	1765231276
2025-12-08T23:01:23+01:00	330989340	11	0	-28	1.0.0	1765231282
2025-12-08T23:01:29+01:00	330989340	11	0	-29	1.0.0	1765231288
2025-12-08T23:01:35+01:00	330989340	963	0	-31	1.0.0	1765231294
2025-12-08T23:01:41+01:00	330989340	603	0	-29	1.0.0	1765231300
2025-12-08T23:01:46+01:00	330989340	603	0	-29	1.0.0	1765231306
2025-12-08T23:01:52+01:00	330989340	604	0	-29	1.0.0	1765231311
2025-12-08T23:02:00+01:00	330989340	604	0	-29	1.0.0	1765231317
2025-12-08T23:02:06+01:00	330989340	604	0	-29	1.0.0	1765231325
2025-12-08T23:02:12+01:00	330989340	603	0	-29	1.0.0	1765231331
2025-12-08T23:02:17+01:00	330989340	603	0	-28	1.0.0	1765231337
2025-12-08T23:02:23+01:00	330989340	603	0	-28	1.0.0	1765231343
2025-12-08T23:02:29+01:00	330989340	602	0	-28	1.0.0	1765231348
2025-12-08T23:02:35+01:00	330989340	603	0	-29	1.0.0	1765231354
2025-12-08T23:02:41+01:00	330989340	603	0	-30	1.0.0	1765231360
2025-12-08T23:02:47+01:00	330989340	603	0	-31	1.0.0	1765231366
2025-12-08T23:02:53+01:00	330989340	603	0	-30	1.0.0	1765231372
2025-12-08T23:02:58+01:00	330989340	604	0	-31	1.0.0	1765231378
2025-12-08T23:03:04+01:00	330989340	603	0	-31	1.0.0	1765231384
2025-12-08T23:03:10+01:00	330989340	603	0	-31	1.0.0	1765231389
2025-12-08T23:03:16+01:00	330989340	604	0	-29	1.0.0	1765231395
2025-12-08T23:03:21+01:00	330989340	603	0	-29	1.0.0	1765231401
2025-12-08T23:03:27+01:00	330989340	603	0	-29	1.0.0	1765231406
2025-12-08T23:03:33+01:00	330989340	603	0	-29	1.0.0	1765231412
2025-12-08T23:03:39+01:00	330989340	603	0	-30	1.0.0	1765231418
2025-12-08T23:03:45+01:00	330989340	603	0	-31	1.0.0	1765231424
2025-12-08T23:03:50+01:00	330989340	603	0	-30	1.0.0	1765231430
2025-12-08T23:03:56+01:00	330989340	602	0	-30	1.0.0	1765231435
2025-12-08T23:04:02+01:00	330989340	603	0	-31	1.0.0	1765231441
2025-12-08T23:04:08+01:00	330989340	604	0	-29	1.0.0	1765231447
2025-12-08T23:04:15+01:00	330989340	603	0	-30	1.0.0	1765231453
2025-12-08T23:04:21+01:00	330989340	603	0	-29	1.0.0	1765231460
2025-12-08T23:04:26+01:00	330989340	603	0	-29	1.0.0	1765231466
2025-12-08T23:04:32+01:00	330989340	603	0	-30	1.0.0	1765231471
2025-12-08T23:04:38+01:00	330989340	603	0	-29	1.0.0	1765231477
2025-12-08T23:04:44+01:00	330989340	603	0	-30	1.0.0	1765231483
2025-12-08T23:04:50+01:00	330989340	604	0	-29	1.0.0	1765231489
2025-12-08T23:04:55+01:00	330989340	604	0	-29	1.0.0	1765231495
2025-12-08T23:05:01+01:00	330989340	603	0	-30	1.0.0	1765231501
2025-12-08T23:05:07+01:00	330989340	603	0	-29	1.0.0	1765231506
2025-12-08T23:05:13+01:00	330989340	604	0	-30	1.0.0	1765231512
2025-12-08T23:05:19+01:00	330989340	604	0	-28	1.0.0	1765231518
2025-12-08T23:05:24+01:00	330989340	603	0	-29	1.0.0	1765231524
2025-12-08T23:05:30+01:00	330989340	603	0	-30	1.0.0	1765231530
2025-12-08T23:05:36+01:00	330989340	603	0	-28	1.0.0	1765231535
2025-12-08T23:05:42+01:00	330989340	603	0	-29	1.0.0	1765231541
2025-12-08T23:05:48+01:00	330989340	603	0	-29	1.0.0	1765231547
2025-12-08T23:05:53+01:00	330989340	603	0	-29	1.0.0	1765231553
2025-12-08T23:05:59+01:00	330989340	604	0	-29	1.0.0	1765231559
2025-12-08T23:06:05+01:00	330989340	603	0	-29	1.0.0	1765231564
2025-12-08T23:06:11+01:00	330989340	603	0	-29	1.0.0	1765231570
2025-12-08T23:06:17+01:00	330989340	603	0	-29	1.0.0	1765231576
2025-12-08T23:06:23+01:00	330989340	603	0	-29	1.0.0	1765231582
2025-12-08T23:06:30+01:00	330989340	603	0	-29	1.0.0	1765231588
2025-12-08T23:06:36+01:00	330989340	603	0	-29	1.0.0	1765231595
2025-12-08T23:06:42+01:00	330989340	603	0	-29	1.0.0	1765231601
2025-12-08T23:06:48+01:00	330989340	603	0	-29	1.0.0	1765231607
2025-12-08T23:06:54+01:00	330989340	603	0	-29	1.0.0	1765231613
2025-12-08T23:07:00+01:00	330989340	603	0	-29	1.0.0	1765231619
2025-12-08T23:07:05+01:00	330989340	603	0	-29	1.0.0	1765231625
2025-12-08T23:07:11+01:00	330989340	603	0	-29	1.0.0	1765231630
2025-12-08T23:07:17+01:00	330989340	603	0	-29	1.0.0	1765231636
2025-12-08T23:07:25+01:00	330989340	603	0	-30	1.0.0	1765231642
2025-12-08T23:07:31+01:00	330989340	604	0	-29	1.0.0	1765231650
2025-12-08T23:07:37+01:00	330989340	603	0	-29	1.0.0	1765231656
2025-12-08T23:07:43+01:00	330989340	603	0	-29	1.0.0	1765231662
2025-12-08T23:07:48+01:00	330989340	602	0	-28	1.0.0	1765231668
2025-12-08T23:07:54+01:00	330989340	603	0	-28	1.0.0	1765231673
2025-12-08T23:08:00+01:00	330989340	604	0	-27	1.0.0	1765231679
2025-12-08T23:08:06+01:00	330989340	603	0	-29	1.0.0	1765231685
2025-12-08T23:08:12+01:00	330989340	603	0	-29	1.0.0	1765231691
2025-12-08T23:08:17+01:00	330989340	602	0	-28	1.0.0	1765231697
2025-12-08T23:08:23+01:00	330989340	604	0	-29	1.0.0	1765231702
2025-12-08T23:08:29+01:00	330989340	603	0	-29	1.0.0	1765231708
2025-12-08T23:08:36+01:00	330989340	603	0	-29	1.0.0	1765231714
2025-12-08T23:08:42+01:00	330989340	603	0	-29	1.0.0	1765231721
2025-12-08T23:08:48+01:00	330989340	603	0	-28	1.0.0	1765231727
2025-12-08T23:08:54+01:00	330989340	603	0	-29	1.0.0	1765231733
2025-12-08T23:08:59+01:00	330989340	604	0	-29	1.0.0	1765231739
2025-12-08T23:09:05+01:00	330989340	603	0	-29	1.0.0	1765231744
2025-12-08T23:09:11+01:00	330989340	603	0	-30	1.0.0	1765231750
2025-12-08T23:09:17+01:00	330989340	603	0	-29	1.0.0	1765231756
2025-12-08T23:09:23+01:00	330989340	603	0	-29	1.0.0	1765231762
2025-12-08T23:09:29+01:00	330989340	603	0	-29	1.0.0	1765231768
2025-12-08T23:09:35+01:00	330989340	603	0	-30	1.0.0	1765231774
2025-12-08T23:09:41+01:00	330989340	603	0	-29	1.0.0	1765231780
2025-12-08T23:09:47+01:00	330989340	603	0	-30	1.0.0	1765231786
2025-12-08T23:09:53+01:00	330989340	603	0	-29	1.0.0	1765231792
2025-12-08T23:09:59+01:00	330989340	603	0	-30	1.0.0	1765231798
2025-12-08T23:10:05+01:00	330989340	603	0	-30	1.0.0	1765231804
2025-12-08T23:10:11+01:00	330989340	603	0	-30	1.0.0	1765231810
2025-12-08T23:10:17+01:00	330989340	603	0	-30	1.0.0	1765231816
2025-12-08T23:10:23+01:00	330989340	603	0	-29	1.0.0	1765231822
2025-12-08T23:10:29+01:00	330989340	602	0	-29	1.0.0	1765231828
2025-12-08T23:10:34+01:00	330989340	603	0	-30	1.0.0	1765231834
2025-12-08T23:10:40+01:00	330989340	602	0	-30	1.0.0	1765231839
2025-12-08T23:10:46+01:00	330989340	603	0	-30	1.0.0	1765231845
2025-12-08T23:10:52+01:00	330989340	603	0	-30	1.0.0	1765231851
2025-12-08T23:10:58+01:00	330989340	603	0	-30	1.0.0	1765231857
2025-12-08T23:11:04+01:00	330989340	602	0	-30	1.0.0	1765231863
2025-12-08T23:11:09+01:00	330989340	603	0	-29	1.0.0	1765231869
2025-12-08T23:11:15+01:00	330989340	603	0	-29	1.0.0	1765231875
2025-12-08T23:11:21+01:00	330989340	603	0	-30	1.0.0	1765231880
2025-12-08T23:11:29+01:00	330989340	601	0	-30	1.0.0	1765231886
2025-12-08T23:11:34+01:00	330989340	601	0	-30	1.0.0	1765231894
2025-12-08T23:11:40+01:00	330989340	603	0	-29	1.0.0	1765231899
2025-12-08T23:11:46+01:00	330989340	603	0	-30	1.0.0	1765231905
2025-12-08T23:11:52+01:00	330989340	602	0	-30	1.0.0	1765231911
2025-12-08T23:11:58+01:00	330989340	603	0	-30	1.0.0	1765231917
2025-12-08T23:12:03+01:00	330989340	603	0	-30	1.0.0	1765231923
2025-12-08T23:12:09+01:00	330989340	603	0	-31	1.0.0	1765231929
2025-12-08T23:12:15+01:00	330989340	604	0	-30	1.0.0	1765231934
2025-12-08T23:12:21+01:00	330989340	603	0	-29	1.0.0	1765231940
2025-12-08T23:12:27+01:00	330989340	603	0	-30	1.0.0	1765231946
2025-12-08T23:12:32+01:00	330989340	603	0	-30	1.0.0	1765231951
2025-12-08T23:12:38+01:00	330989340	603	0	-31	1.0.0	1765231957
2025-12-08T23:12:44+01:00	330989340	602	0	-30	1.0.0	1765231963
2025-12-08T23:12:50+01:00	330989340	603	0	-30	1.0.0	1765231969
2025-12-08T23:12:55+01:00	330989340	602	0	-30	1.0.0	1765231975
2025-12-08T23:13:01+01:00	330989340	603	0	-30	1.0.0	1765231981
2025-12-08T23:13:07+01:00	330989340	602	0	-31	1.0.0	1765231986
2025-12-08T23:13:13+01:00	330989340	602	0	-29	1.0.0	1765231992
2025-12-08T23:13:19+01:00	330989340	603	0	-30	1.0.0	1765231998
2025-12-08T23:13:25+01:00	330989340	603	0	-30	1.0.0	1765232004
2025-12-08T23:13:30+01:00	330989340	603	0	-30	1.0.0	1765232010
2025-12-08T23:13:36+01:00	330989340	602	0	-30	1.0.0	1765232015
2025-12-08T23:13:42+01:00	330989340	602	0	-31	1.0.0	1765232021
2025-12-08T23:13:48+01:00	330989340	602	0	-30	1.0.0	1765232027
2025-12-08T23:13:54+01:00	330989340	601	0	-31	1.0.0	1765232033
2025-12-08T23:14:00+01:00	330989340	602	0	-31	1.0.0	1765232039
2025-12-08T23:14:06+01:00	330989340	604	0	-30	1.0.0	1765232045
2025-12-08T23:14:12+01:00	330989340	603	0	-30	1.0.0	1765232051
2025-12-08T23:14:18+01:00	330989340	602	0	-29	1.0.0	1765232057
2025-12-08T23:14:23+01:00	330989340	602	0	-29	1.0.0	1765232063
2025-12-08T23:14:29+01:00	330989340	603	0	-28	1.0.0	1765232069
2025-12-08T23:14:35+01:00	330989340	602	0	-30	1.0.0	1765232074
2025-12-08T23:14:41+01:00	330989340	602	0	-30	1.0.0	1765232080
2025-12-08T23:14:47+01:00	330989340	602	0	-30	1.0.0	1765232086
2025-12-08T23:14:52+01:00	330989340	602	0	-28	1.0.0	1765232092
2025-12-08T23:14:58+01:00	330989340	601	0	-30	1.0.0	1765232097
2025-12-08T23:15:04+01:00	330989340	602	0	-30	1.0.0	1765232103
2025-12-08T23:15:10+01:00	330989340	601	0	-30	1.0.0	1765232109
2025-12-08T23:15:15+01:00	330989340	601	0	-30	1.0.0	1765232115
2025-12-08T23:15:21+01:00	330989340	602	0	-30	1.0.0	1765232120
2025-12-08T23:15:27+01:00	330989340	602	0	-29	1.0.0	1765232126
2025-12-08T23:15:33+01:00	330989340	602	0	-28	1.0.0	1765232132
2025-12-08T23:15:38+01:00	330989340	602	0	-29	1.0.0	1765232138
2025-12-08T23:15:44+01:00	330989340	602	0	-28	1.0.0	1765232144
2025-12-08T23:15:50+01:00	330989340	602	0	-29	1.0.0	1765232149
2025-12-08T23:15:56+01:00	330989340	602	0	-28	1.0.0	1765232155
2025-12-08T23:16:02+01:00	330989340	600	0	-30	1.0.0	1765232161
2025-12-08T23:16:08+01:00	330989340	603	0	-29	1.0.0	1765232167
2025-12-08T23:16:13+01:00	330989340	600	0	-28	1.0.0	1765232173
2025-12-08T23:16:20+01:00	330989340	602	0	-28	1.0.0	1765232178
2025-12-08T23:16:26+01:00	330989340	602	0	-29	1.0.0	1765232185
2025-12-08T23:16:32+01:00	330989340	602	0	-30	1.0.0	1765232191
2025-12-08T23:16:38+01:00	330989340	602	0	-29	1.0.0	1765232197
2025-12-08T23:16:44+01:00	330989340	602	0	-29	1.0.0	1765232203
2025-12-08T23:16:50+01:00	330989340	602	0	-29	1.0.0	1765232209
2025-12-08T23:16:56+01:00	330989340	602	0	-30	1.0.0	1765232215
2025-12-08T23:17:02+01:00	330989340	602	0	-28	1.0.0	1765232221
2025-12-08T23:17:08+01:00	330989340	602	0	-28	1.0.0	1765232227
2025-12-08T23:17:14+01:00	330989340	602	0	-30	1.0.0	1765232233
2025-12-08T23:17:20+01:00	330989340	601	0	-30	1.0.0	1765232239
2025-12-08T23:17:26+01:00	330989340	602	0	-30	1.0.0	1765232245
2025-12-08T23:17:31+01:00	330989340	603	0	-29	1.0.0	1765232251
2025-12-08T23:17:37+01:00	330989340	602	0	-30	1.0.0	1765232257
2025-12-08T23:17:43+01:00	330989340	601	0	-30	1.0.0	1765232262
2025-12-08T23:17:49+01:00	330989340	598	0	-29	1.0.0	1765232268
2025-12-08T23:17:55+01:00	330989340	601	0	-30	1.0.0	1765232274
2025-12-08T23:18:01+01:00	330989340	601	0	-28	1.0.0	1765232280
2025-12-08T23:18:06+01:00	330989340	601	0	-29	1.0.0	1765232286
2025-12-08T23:18:12+01:00	330989340	602	0	-28	1.0.0	1765232291
2025-12-08T23:18:18+01:00	330989340	601	0	-30	1.0.0	1765232297
2025-12-08T23:18:24+01:00	330989340	601	0	-30	1.0.0	1765232303
2025-12-08T23:18:30+01:00	330989340	594	0	-30	1.0.0	1765232309
2025-12-08T23:18:36+01:00	330989340	600	0	-29	1.0.0	1765232315
2025-12-08T23:18:41+01:00	330989340	601	0	-30	1.0.0	1765232320
2025-12-08T23:18:47+01:00	330989340	601	0	-30	1.0.0	1765232326
2025-12-08T23:18:53+01:00	330989340	601	0	-29	1.0.0	1765232332
2025-12-08T23:18:59+01:00	330989340	601	0	-30	1.0.0	1765232338
2025-12-08T23:19:04+01:00	330989340	601	0	-30	1.0.0	1765232344
2025-12-08T23:19:10+01:00	330989340	601	0	-29	1.0.0	1765232350
2025-12-08T23:19:16+01:00	330989340	600	0	-29	1.0.0	1765232355
2025-12-08T23:19:22+01:00	330989340	601	0	-30	1.0.0	1765232361
2025-12-08T23:19:27+01:00	330989340	601	0	-30	1.0.0	1765232367
2025-12-08T23:19:33+01:00	330989340	599	0	-29	1.0.0	1765232373
2025-12-08T23:19:39+01:00	330989340	600	0	-29	1.0.0	1765232378
2025-12-08T23:19:45+01:00	330989340	601	0	-28	1.0.0	1765232384
2025-12-08T23:19:51+01:00	330989340	600	0	-30	1.0.0	1765232390
2025-12-08T23:19:56+01:00	330989340	600	0	-28	1.0.0	1765232396
2025-12-08T23:20:02+01:00	330989340	602	0	-27	1.0.0	1765232402
2025-12-09T00:02:09+01:00	330989340	1671	0	-34	1.0.0	0
2025-12-09T00:02:15+01:00	330989340	1675	0	-33	1.0.0	1765234934
2025-12-09T00:02:20+01:00	330989340	1670	0	-33	1.0.0	1765234940
2025-12-09T00:02:26+01:00	330989340	1684	0	-33	1.0.0	1765234945
2025-12-09T00:02:32+01:00	330989340	1058	0	-37	1.0.0	1765234951
2025-12-09T00:02:38+01:00	330989340	17	0	-33	1.0.0	1765234957
2025-12-09T00:02:43+01:00	330989340	15	0	-33	1.0.0	1765234963
2025-12-09T00:02:49+01:00	330989340	14	0	-33	1.0.0	1765234968
2025-12-09T00:02:55+01:00	330989340	16	0	-33	1.0.0	1765234974
2025-12-09T00:03:01+01:00	330989340	16	0	-34	1.0.0	1765234980
2025-12-09T00:03:07+01:00	330989340	15	0	-33	1.0.0	1765234986
2025-12-09T00:03:12+01:00	330989340	16	0	-34	1.0.0	1765234992
2025-12-09T00:03:18+01:00	330989340	17	0	-33	1.0.0	1765234998
2025-12-09T00:03:24+01:00	330989340	18	0	-34	1.0.0	1765235003
2025-12-09T00:03:30+01:00	330989340	18	0	-33	1.0.0	1765235009
2025-12-09T00:03:36+01:00	330989340	19	0	-34	1.0.0	1765235015
2025-12-09T00:03:42+01:00	330989340	19	0	-33	1.0.0	1765235021
2025-12-09T00:03:48+01:00	330989340	19	0	-33	1.0.0	1765235027
2025-12-09T00:03:53+01:00	330989340	20	0	-33	1.0.0	1765235032
2025-12-09T00:03:59+01:00	330989340	20	0	-33	1.0.0	1765235038
2025-12-09T00:04:05+01:00	330989340	28	0	-34	1.0.0	1765235044
2025-12-09T00:04:11+01:00	330989340	44	0	-33	1.0.0	1765235050
2025-12-09T00:04:17+01:00	330989340	41	0	-34	1.0.0	1765235056
2025-12-09T00:04:22+01:00	330989340	45	0	-34	1.0.0	1765235061
2025-12-09T00:04:28+01:00	330989340	51	0	-33	1.0.0	1765235067
2025-12-09T00:04:34+01:00	330989340	56	0	-33	1.0.0	1765235073
2025-12-09T00:04:40+01:00	330989340	56	0	-33	1.0.0	1765235079
2025-12-09T00:04:46+01:00	330989340	54	0	-33	1.0.0	1765235085
2025-12-09T00:04:51+01:00	330989340	56	0	-33	1.0.0	1765235090
2025-12-09T00:04:57+01:00	330989340	47	0	-34	1.0.0	1765235096
2025-12-09T00:05:03+01:00	330989340	53	0	-34	1.0.0	1765235102
2025-12-09T00:05:09+01:00	330989340	41	0	-33	1.0.0	1765235108
2025-12-09T00:05:15+01:00	330989340	42	0	-33	1.0.0	1765235114
2025-12-09T00:05:21+01:00	330989340	43	0	-32	1.0.0	1765235120
2025-12-09T00:05:27+01:00	330989340	41	0	-34	1.0.0	1765235126
2025-12-09T00:05:33+01:00	330989340	41	0	-34	1.0.0	1765235132
2025-12-09T00:05:38+01:00	330989340	41	0	-33	1.0.0	1765235138
2025-12-09T00:05:44+01:00	330989340	42	0	-33	1.0.0	1765235143
2025-12-09T00:05:50+01:00	330989340	42	0	-33	1.0.0	1765235149
2025-12-09T00:05:56+01:00	330989340	51	0	-33	1.0.0	1765235155
2025-12-09T00:06:02+01:00	330989340	43	0	-35	1.0.0	1765235161
2025-12-09T00:06:07+01:00	330989340	42	0	-35	1.0.0	1765235167
2025-12-09T00:06:13+01:00	330989340	37	0	-33	1.0.0	1765235172
2025-12-09T00:06:19+01:00	330989340	36	0	-35	1.0.0	1765235178
2025-12-09T00:06:25+01:00	330989340	36	0	-35	1.0.0	1765235184
2025-12-09T00:06:31+01:00	330989340	37	0	-34	1.0.0	1765235190
2025-12-09T00:06:37+01:00	330989340	36	0	-34	1.0.0	1765235196
2025-12-09T00:06:42+01:00	330989340	43	0	-35	1.0.0	1765235201
2025-12-09T00:06:48+01:00	330989340	44	0	-35	1.0.0	1765235207
2025-12-09T00:06:54+01:00	330989340	42	0	-34	1.0.0	1765235213
2025-12-09T00:07:00+01:00	330989340	40	0	-34	1.0.0	1765235219
2025-12-09T00:07:06+01:00	330989340	43	0	-35	1.0.0	1765235225
2025-12-09T00:07:12+01:00	330989340	43	0	-34	1.0.0	1765235231
2025-12-09T00:07:17+01:00	330989340	41	0	-34	1.0.0	1765235237
2025-12-09T00:07:23+01:00	330989340	40	0	-33	1.0.0	1765235242
2025-12-09T00:07:29+01:00	330989340	43	0	-34	1.0.0	1765235248
2025-12-09T00:07:35+01:00	330989340	40	0	-34	1.0.0	1765235254
2025-12-09T00:07:40+01:00	330989340	40	0	-34	1.0.0	1765235260
2025-12-09T00:07:46+01:00	330989340	33	0	-34	1.0.0	1765235265
2025-12-09T00:07:52+01:00	330989340	34	0	-34	1.0.0	1765235271
2025-12-09T00:07:58+01:00	330989340	28	0	-34	1.0.0	1765235277
2025-12-09T00:08:04+01:00	330989340	28	0	-34	1.0.0	1765235283
2025-12-09T00:08:09+01:00	330989340	25	0	-34	1.0.0	1765235289
2025-12-09T00:08:15+01:00	330989340	25	0	-34	1.0.0	1765235295
2025-12-09T00:08:21+01:00	330989340	24	0	-35	1.0.0	1765235300
2025-12-09T00:08:27+01:00	330989340	26	0	-34	1.0.0	1765235306
2025-12-09T00:08:33+01:00	330989340	25	0	-34	1.0.0	1765235312
2025-12-09T00:08:39+01:00	330989340	26	0	-34	1.0.0	1765235318
2025-12-09T00:08:45+01:00	330989340	22	0	-29	1.0.0	1765235324
2025-12-09T01:33:21+01:00	330989340	1658	0	-37	1.0.0	1765240400
2025-12-09T01:33:27+01:00	330989340	1658	0	-38	1.0.0	1765240406
2025-12-09T01:33:33+01:00	330989340	1655	0	-41	1.0.0	1765240412
2025-12-09T01:33:39+01:00	330989340	1658	0	-41	1.0.0	1765240418
2025-12-09T01:33:45+01:00	330989340	1658	0	-38	1.0.0	1765240424
2025-12-09T01:33:51+01:00	330989340	1658	0	-42	1.0.0	1765240430
2025-12-09T01:33:56+01:00	330989340	1657	0	-38	1.0.0	1765240435
2025-12-09T01:34:03+01:00	330989340	1658	0	-37	1.0.0	1765240442
2025-12-09T01:34:09+01:00	330989340	1658	0	-38	1.0.0	1765240448
2025-12-09T01:34:15+01:00	330989340	1658	0	-38	1.0.0	1765240454
2025-12-09T01:34:21+01:00	330989340	1657	0	-41	1.0.0	1765240460
2025-12-09T01:34:26+01:00	330989340	1658	0	-38	1.0.0	1765240466
2025-12-09T01:34:32+01:00	330989340	1657	0	-38	1.0.0	1765240472
2025-12-09T01:34:38+01:00	330989340	1657	0	-38	1.0.0	1765240478
2025-12-09T01:34:45+01:00	330989340	1656	0	-41	1.0.0	1765240484
2025-12-09T01:34:51+01:00	330989340	1656	0	-42	1.0.0	1765240490
2025-12-09T01:34:57+01:00	330989340	1659	0	-34	1.0.0	1765240496
2025-12-09T01:35:03+01:00	330989340	1659	0	-36	1.0.0	1765240502
2025-12-09T01:35:09+01:00	330989340	1657	0	-35	1.0.0	1765240508
2025-12-09T01:35:15+01:00	330989340	29	0	-37	1.0.0	1765240514
2025-12-09T01:35:21+01:00	330989340	23	0	-32	1.0.0	1765240520
2025-12-09T01:35:27+01:00	330989340	23	0	-33	1.0.0	1765240526
2025-12-09T01:35:32+01:00	330989340	22	0	-34	1.0.0	1765240532
2025-12-09T01:35:38+01:00	330989340	22	0	-34	1.0.0	1765240538
2025-12-09T01:35:45+01:00	330989340	22	0	-33	1.0.0	1765240543
2025-12-09T01:35:50+01:00	330989340	22	0	-33	1.0.0	1765240550
2025-12-09T01:35:56+01:00	330989340	22	0	-33	1.0.0	1765240555
2025-12-09T01:36:02+01:00	330989340	23	0	-33	1.0.0	1765240561
2025-12-09T01:36:08+01:00	330989340	23	0	-33	1.0.0	1765240567
2025-12-09T01:36:14+01:00	330989340	23	0	-39	1.0.0	1765240573
2025-12-09T01:36:20+01:00	330989340	23	0	-35	1.0.0	1765240579
2025-12-09T01:36:25+01:00	330989340	24	0	-33	1.0.0	1765240585
2025-12-09T01:36:31+01:00	330989340	24	0	-34	1.0.0	1765240590
2025-12-09T01:36:37+01:00	330989340	23	0	-34	1.0.0	1765240596
2025-12-09T01:36:43+01:00	330989340	24	0	-33	1.0.0	1765240602
2025-12-09T01:36:49+01:00	330989340	24	0	-33	1.0.0	1765240608
2025-12-09T01:36:55+01:00	330989340	23	0	-33	1.0.0	1765240614
2025-12-09T01:37:01+01:00	330989340	24	0	-35	1.0.0	1765240620
2025-12-09T01:37:07+01:00	330989340	23	0	-33	1.0.0	1765240626
2025-12-09T01:37:13+01:00	330989340	23	0	-34	1.0.0	1765240632
2025-12-09T01:37:18+01:00	330989340	23	0	-33	1.0.0	1765240638
2025-12-09T01:37:24+01:00	330989340	23	0	-33	1.0.0	1765240643
2025-12-09T01:37:30+01:00	330989340	24	0	-34	1.0.0	1765240649
2025-12-09T01:37:36+01:00	330989340	23	0	-33	1.0.0	1765240655
2025-12-09T01:37:42+01:00	330989340	23	0	-33	1.0.0	1765240661
2025-12-09T01:37:48+01:00	330989340	24	0	-33	1.0.0	1765240667
2025-12-09T01:37:54+01:00	330989340	23	0	-33	1.0.0	1765240673
2025-12-09T01:38:00+01:00	330989340	23	0	-33	1.0.0	1765240679
2025-12-09T01:38:05+01:00	330989340	23	0	-33	1.0.0	1765240685
2025-12-09T01:38:11+01:00	330989340	24	0	-33	1.0.0	1765240690
2025-12-09T01:38:17+01:00	330989340	24	0	-33	1.0.0	1765240696
2025-12-09T01:38:23+01:00	330989340	24	0	-33	1.0.0	1765240702
2025-12-09T01:38:29+01:00	330989340	23	0	-34	1.0.0	1765240708
2025-12-09T01:38:34+01:00	330989340	24	0	-34	1.0.0	1765240714
2025-12-09T01:38:40+01:00	330989340	24	0	-35	1.0.0	1765240719
2025-12-09T01:38:46+01:00	330989340	23	0	-33	1.0.0	1765240725
2025-12-09T01:38:52+01:00	330989340	23	0	-33	1.0.0	1765240731
2025-12-09T01:38:58+01:00	330989340	23	0	-33	1.0.0	1765240737
2025-12-09T01:39:03+01:00	330989340	24	0	-33	1.0.0	1765240743
2025-12-09T01:39:09+01:00	330989340	24	0	-33	1.0.0	1765240749
2025-12-09T01:39:15+01:00	330989340	23	0	-33	1.0.0	1765240754
2025-12-09T01:39:21+01:00	330989340	23	0	-33	1.0.0	1765240760
2025-12-09T01:39:27+01:00	330989340	23	0	-33	1.0.0	1765240766
2025-12-09T01:39:32+01:00	330989340	24	0	-35	1.0.0	1765240772
2025-12-09T01:39:38+01:00	330989340	23	0	-35	1.0.0	1765240777
2025-12-09T01:39:44+01:00	330989340	23	0	-33	1.0.0	1765240783
2025-12-09T01:39:50+01:00	330989340	24	0	-32	1.0.0	1765240789
2025-12-09T01:39:56+01:00	330989340	23	0	-33	1.0.0	1765240795
2025-12-09T01:40:02+01:00	330989340	23	0	-33	1.0.0	1765240801
2025-12-09T01:40:07+01:00	330989340	23	0	-36	1.0.0	1765240807
2025-12-09T01:40:13+01:00	330989340	24	0	-33	1.0.0	1765240812
2025-12-09T01:40:19+01:00	330989340	23	0	-34	1.0.0	1765240818
2025-12-09T01:40:25+01:00	330989340	23	0	-33	1.0.0	1765240824
2025-12-09T01:40:30+01:00	330989340	23	0	-32	1.0.0	1765240830
2025-12-09T01:40:36+01:00	330989340	24	0	-34	1.0.0	1765240835
2025-12-09T01:40:42+01:00	330989340	24	0	-33	1.0.0	1765240841
2025-12-09T01:40:48+01:00	330989340	23	0	-33	1.0.0	1765240847
2025-12-09T01:40:54+01:00	330989340	23	0	-34	1.0.0	1765240853
2025-12-09T01:41:00+01:00	330989340	23	0	-33	1.0.0	1765240859
2025-12-09T01:41:06+01:00	330989340	23	0	-33	1.0.0	1765240865
2025-12-09T01:41:11+01:00	330989340	23	0	-33	1.0.0	1765240871
2025-12-09T01:41:17+01:00	330989340	23	0	-33	1.0.0	1765240876
2025-12-09T01:41:23+01:00	330989340	24	0	-33	1.0.0	1765240882
2025-12-09T01:41:29+01:00	330989340	23	0	-33	1.0.0	1765240888
2025-12-09T01:41:35+01:00	330989340	23	0	-33	1.0.0	1765240894
2025-12-09T01:41:40+01:00	330989340	23	0	-34	1.0.0	1765240900
2025-12-09T01:41:46+01:00	330989340	23	0	-33	1.0.0	1765240906
2025-12-09T01:41:52+01:00	330989340	24	0	-34	1.0.0	1765240911
2025-12-09T01:41:58+01:00	330989340	24	0	-34	1.0.0	1765240917
2025-12-09T01:42:04+01:00	330989340	23	0	-33	1.0.0	1765240923
2025-12-09T01:42:10+01:00	330989340	23	0	-35	1.0.0	1765240929
2025-12-09T01:42:15+01:00	330989340	23	0	-33	1.0.0	1765240935
2025-12-09T01:42:21+01:00	330989340	23	0	-33	1.0.0	1765240940
2025-12-09T01:42:27+01:00	330989340	23	0	-33	1.0.0	1765240946
2025-12-09T01:42:33+01:00	330989340	23	0	-33	1.0.0	1765240952
2025-12-09T01:42:39+01:00	330989340	23	0	-33	1.0.0	1765240958
2025-12-09T01:42:45+01:00	330989340	23	0	-34	1.0.0	1765240964
2025-12-09T01:42:50+01:00	330989340	23	0	-33	1.0.0	1765240970
2025-12-09T01:42:56+01:00	330989340	23	0	-33	1.0.0	1765240975
2025-12-09T01:43:02+01:00	330989340	23	0	-33	1.0.0	1765240981
2025-12-09T01:43:08+01:00	330989340	23	0	-33	1.0.0	1765240987
2025-12-09T01:43:13+01:00	330989340	23	0	-35	1.0.0	1765240993
2025-12-09T01:43:19+01:00	330989340	23	0	-33	1.0.0	1765240998
2025-12-09T01:43:25+01:00	330989340	23	0	-33	1.0.0	1765241004
2025-12-09T01:43:31+01:00	330989340	23	0	-33	1.0.0	1765241010
2025-12-09T01:43:37+01:00	330989340	22	0	-35	1.0.0	1765241016
2025-12-09T01:43:42+01:00	330989340	23	0	-35	1.0.0	1765241022
2025-12-09T01:43:48+01:00	330989340	23	0	-33	1.0.0	1765241027
2025-12-09T01:43:54+01:00	330989340	23	0	-33	1.0.0	1765241033
2025-12-09T01:44:00+01:00	330989340	23	0	-35	1.0.0	1765241039
2025-12-09T01:44:06+01:00	330989340	23	0	-33	1.0.0	1765241045
2025-12-09T01:44:12+01:00	330989340	23	0	-36	1.0.0	1765241051
2025-12-09T01:44:18+01:00	330989340	23	0	-33	1.0.0	1765241057
2025-12-09T01:44:23+01:00	330989340	23	0	-34	1.0.0	1765241063
2025-12-09T01:44:29+01:00	330989340	23	0	-33	1.0.0	1765241068
2025-12-09T01:44:35+01:00	330989340	23	0	-33	1.0.0	1765241074
2025-12-09T01:44:41+01:00	330989340	23	0	-33	1.0.0	1765241080
2025-12-09T01:44:47+01:00	330989340	23	0	-34	1.0.0	1765241086
2025-12-09T01:44:52+01:00	330989340	22	0	-33	1.0.0	1765241092
2025-12-09T01:44:58+01:00	330989340	20	0	-34	1.0.0	1765241098
2025-12-09T02:01:13+01:00	330989340	10	0	-39	1.0.0	0
2025-12-09T02:01:19+01:00	330989340	11	0	-38	1.0.0	1765242079
2025-12-09T02:01:25+01:00	330989340	12	0	-37	1.0.0	1765242084
2025-12-09T02:01:31+01:00	330989340	11	0	-37	1.0.0	1765242090
2025-12-09T02:01:37+01:00	330989340	10	0	-37	1.0.0	1765242096
2025-12-09T02:01:43+01:00	330989340	10	0	-37	1.0.0	1765242102
2025-12-09T02:01:49+01:00	330989340	10	0	-37	1.0.0	1765242108
2025-12-09T02:01:55+01:00	330989340	11	0	-37	1.0.0	1765242114
2025-12-09T02:02:01+01:00	330989340	9	0	-37	1.0.0	1765242120
2025-12-09T02:02:08+01:00	330989340	11	0	-40	1.0.0	1765242127
2025-12-09T02:02:14+01:00	330989340	11	0	-37	1.0.0	1765242133
2025-12-09T02:02:20+01:00	330989340	10	0	-37	1.0.0	1765242139
2025-12-09T02:02:26+01:00	330989340	10	0	-37	1.0.0	1765242145
2025-12-09T02:02:32+01:00	330989340	12	0	-37	1.0.0	1765242151
2025-12-09T02:02:37+01:00	330989340	10	0	-38	1.0.0	1765242157
2025-12-09T02:02:44+01:00	330989340	11	0	-37	1.0.0	1765242163
2025-12-09T02:02:50+01:00	330989340	11	0	-42	1.0.0	1765242169
2025-12-09T02:02:56+01:00	330989340	11	0	-41	1.0.0	1765242175
2025-12-09T02:03:03+01:00	330989340	8	0	-40	1.0.0	1765242181
2025-12-09T02:03:09+01:00	330989340	10	0	-41	1.0.0	1765242188
2025-12-09T02:03:15+01:00	330989340	11	0	-41	1.0.0	1765242194
2025-12-09T02:03:21+01:00	330989340	11	0	-41	1.0.0	1765242200
2025-12-09T02:03:27+01:00	330989340	11	0	-43	1.0.0	1765242206
2025-12-09T02:03:33+01:00	330989340	11	0	-38	1.0.0	1765242212
2025-12-09T02:03:38+01:00	330989340	11	0	-38	1.0.0	1765242218
2025-12-09T02:03:44+01:00	330989340	11	0	-37	1.0.0	1765242223
2025-12-09T02:03:50+01:00	330989340	11	0	-38	1.0.0	1765242229
2025-12-09T02:03:56+01:00	330989340	10	0	-38	1.0.0	1765242235
2025-12-09T02:04:01+01:00	330989340	10	0	-38	1.0.0	1765242241
2025-12-09T02:04:07+01:00	330989340	12	0	-38	1.0.0	1765242246
2025-12-09T02:04:13+01:00	330989340	11	0	-40	1.0.0	1765242252
2025-12-09T02:04:19+01:00	330989340	10	0	-41	1.0.0	1765242258
2025-12-09T02:04:25+01:00	330989340	10	0	-41	1.0.0	1765242264
2025-12-09T02:04:31+01:00	330989340	10	0	-41	1.0.0	1765242270
2025-12-09T02:04:36+01:00	330989340	11	0	-41	1.0.0	1765242276
2025-12-09T02:04:42+01:00	330989340	10	0	-42	1.0.0	1765242281
2025-12-09T02:04:48+01:00	330989340	10	0	-41	1.0.0	1765242287
2025-12-09T02:04:54+01:00	330989340	10	0	-41	1.0.0	1765242293
2025-12-09T02:05:00+01:00	330989340	11	0	-41	1.0.0	1765242299
2025-12-09T02:05:06+01:00	330989340	11	0	-41	1.0.0	1765242305
2025-12-09T02:05:11+01:00	330989340	10	0	-41	1.0.0	1765242311
2025-12-09T02:05:17+01:00	330989340	11	0	-41	1.0.0	1765242316
2025-12-09T02:05:23+01:00	330989340	10	0	-41	1.0.0	1765242322
2025-12-09T02:05:29+01:00	330989340	11	0	-41	1.0.0	1765242328
2025-12-09T02:05:35+01:00	330989340	11	0	-41	1.0.0	1765242334
2025-12-09T02:05:41+01:00	330989340	10	0	-38	1.0.0	1765242340
2025-12-09T02:05:46+01:00	330989340	10	0	-41	1.0.0	1765242346
2025-12-09T02:05:52+01:00	330989340	10	0	-41	1.0.0	1765242351
2025-12-09T02:05:58+01:00	330989340	10	0	-41	1.0.0	1765242357
2025-12-09T02:06:04+01:00	330989340	11	0	-41	1.0.0	1765242363
2025-12-09T02:06:10+01:00	330989340	9	0	-41	1.0.0	1765242369
2025-12-09T02:06:16+01:00	330989340	10	0	-41	1.0.0	1765242375
2025-12-09T02:06:21+01:00	330989340	11	0	-41	1.0.0	1765242381
2025-12-09T02:06:27+01:00	330989340	11	0	-41	1.0.0	1765242386
2025-12-09T02:06:33+01:00	330989340	11	0	-41	1.0.0	1765242392
2025-12-09T02:06:39+01:00	330989340	11	0	-41	1.0.0	1765242398
2025-12-09T02:06:45+01:00	330989340	10	0	-41	1.0.0	1765242404
2025-12-09T02:06:51+01:00	330989340	11	0	-40	1.0.0	1765242410
2025-12-09T02:06:56+01:00	330989340	9	0	-41	1.0.0	1765242416
2025-12-09T02:07:02+01:00	330989340	12	0	-41	1.0.0	1765242421
2025-12-09T02:07:08+01:00	330989340	12	0	-42	1.0.0	1765242427
2025-12-09T02:07:14+01:00	330989340	9	0	-42	1.0.0	1765242433
2025-12-09T02:07:20+01:00	330989340	11	0	-42	1.0.0	1765242439
2025-12-09T02:07:25+01:00	330989340	9	0	-41	1.0.0	1765242445
2025-12-09T02:07:31+01:00	330989340	10	0	-38	1.0.0	1765242451
2025-12-09T02:07:37+01:00	330989340	10	0	-41	1.0.0	1765242456
2025-12-09T02:07:43+01:00	330989340	10	0	-41	1.0.0	1765242462
2025-12-09T02:07:49+01:00	330989340	10	0	-41	1.0.0	1765242468
2025-12-09T02:07:55+01:00	330989340	8	0	-41	1.0.0	1765242474
2025-12-09T02:08:01+01:00	330989340	11	0	-39	1.0.0	1765242480
2025-12-09T02:08:07+01:00	330989340	10	0	-41	1.0.0	1765242486
2025-12-09T02:08:13+01:00	330989340	11	0	-38	1.0.0	1765242492
2025-12-09T02:08:19+01:00	330989340	10	0	-40	1.0.0	1765242498
2025-12-09T02:08:25+01:00	330989340	11	0	-38	1.0.0	1765242504
2025-12-09T02:08:31+01:00	330989340	10	0	-38	1.0.0	1765242510
2025-12-09T02:08:37+01:00	330989340	11	0	-38	1.0.0	1765242516
2025-12-09T02:08:43+01:00	330989340	10	0	-41	1.0.0	1765242522
2025-12-09T02:08:49+01:00	330989340	12	0	-41	1.0.0	1765242528
2025-12-09T02:08:54+01:00	330989340	12	0	-38	1.0.0	1765242534
2025-12-09T02:09:00+01:00	330989340	12	0	-38	1.0.0	1765242540
2025-12-09T02:09:06+01:00	330989340	10	0	-38	1.0.0	1765242545
2025-12-09T02:09:14+01:00	330989340	10	0	-43	1.0.0	1765242551
2025-12-09T02:09:22+01:00	330989340	10	0	-41	1.0.0	1765242559
2025-12-09T02:09:27+01:00	330989340	9	0	-41	1.0.0	1765242567
2025-12-09T02:09:33+01:00	330989340	11	0	-41	1.0.0	1765242573
2025-12-09T02:09:39+01:00	330989340	11	0	-41	1.0.0	1765242578
2025-12-09T02:09:45+01:00	330989340	11	0	-41	1.0.0	1765242584
2025-12-09T02:09:51+01:00	330989340	9	0	-41	1.0.0	1765242590
2025-12-09T02:09:57+01:00	330989340	10	0	-41	1.0.0	1765242596
2025-12-09T02:10:03+01:00	330989340	9	0	-41	1.0.0	1765242602
2025-12-09T02:10:09+01:00	330989340	11	0	-41	1.0.0	1765242608
2025-12-09T02:10:16+01:00	330989340	11	0	-41	1.0.0	1765242615
2025-12-09T02:10:22+01:00	330989340	10	0	-41	1.0.0	1765242621
2025-12-09T02:10:28+01:00	330989340	10	0	-41	1.0.0	1765242627
2025-12-09T02:10:33+01:00	330989340	11	0	-40	1.0.0	1765242633
2025-12-09T02:10:39+01:00	330989340	10	0	-40	1.0.0	1765242638
2025-12-09T02:10:45+01:00	330989340	10	0	-41	1.0.0	1765242644
2025-12-09T02:10:51+01:00	330989340	10	0	-38	1.0.0	1765242650
2025-12-09T02:10:57+01:00	330989340	10	0	-40	1.0.0	1765242656
2025-12-09T02:11:03+01:00	330989340	11	0	-41	1.0.0	1765242662
2025-12-09T02:11:09+01:00	330989340	10	0	-40	1.0.0	1765242668
2025-12-09T02:11:15+01:00	330989340	10	0	-40	1.0.0	1765242674
2025-12-09T02:11:21+01:00	330989340	10	0	-41	1.0.0	1765242680
2025-12-09T02:11:27+01:00	330989340	10	0	-40	1.0.0	1765242686
2025-12-09T02:11:32+01:00	330989340	10	0	-41	1.0.0	1765242692
2025-12-09T02:11:38+01:00	330989340	11	0	-38	1.0.0	1765242698
2025-12-09T02:11:44+01:00	330989340	11	0	-38	1.0.0	1765242703
2025-12-09T02:11:50+01:00	330989340	12	0	-41	1.0.0	1765242709
2025-12-09T02:11:55+01:00	330989340	8	0	-38	1.0.0	1765242715
2025-12-09T02:12:01+01:00	330989340	12	0	-38	1.0.0	1765242720
2025-12-09T02:12:07+01:00	330989340	11	0	-41	1.0.0	1765242727
2025-12-09T02:12:13+01:00	330989340	11	0	-38	1.0.0	1765242732
2025-12-09T02:12:19+01:00	330989340	12	0	-40	1.0.0	1765242738
2025-12-09T02:12:25+01:00	330989340	11	0	-38	1.0.0	1765242744
2025-12-09T02:12:31+01:00	330989340	11	0	-41	1.0.0	1765242750
2025-12-09T02:12:36+01:00	330989340	9	0	-41	1.0.0	1765242756
2025-12-09T02:12:42+01:00	330989340	11	0	-41	1.0.0	1765242761
2025-12-09T02:12:48+01:00	330989340	11	0	-42	1.0.0	1765242767
2025-12-09T02:12:54+01:00	330989340	10	0	-41	1.0.0	1765242773
2025-12-09T02:13:00+01:00	330989340	10	0	-41	1.0.0	1765242779
2025-12-09T02:13:06+01:00	330989340	11	0	-41	1.0.0	1765242785
2025-12-09T02:13:12+01:00	330989340	12	0	-41	1.0.0	1765242791
2025-12-09T02:13:19+01:00	330989340	11	0	-41	1.0.0	1765242797
2025-12-09T02:13:24+01:00	330989340	11	0	-41	1.0.0	1765242803
2025-12-09T02:13:30+01:00	330989340	11	0	-41	1.0.0	1765242810
2025-12-09T02:13:36+01:00	330989340	11	0	-41	1.0.0	1765242815
2025-12-09T02:13:42+01:00	330989340	11	0	-41	1.0.0	1765242821
2025-12-09T02:13:48+01:00	330989340	11	0	-41	1.0.0	1765242827
2025-12-09T02:13:54+01:00	330989340	10	0	-41	1.0.0	1765242833
2025-12-09T02:13:59+01:00	330989340	11	0	-41	1.0.0	1765242839
2025-12-09T02:14:05+01:00	330989340	10	0	-41	1.0.0	1765242845
2025-12-09T02:14:11+01:00	330989340	11	0	-42	1.0.0	1765242850
2025-12-09T02:14:17+01:00	330989340	10	0	-41	1.0.0	1765242856
2025-12-09T02:14:23+01:00	330989340	11	0	-41	1.0.0	1765242862
2025-12-09T02:14:29+01:00	330989340	10	0	-37	1.0.0	1765242868
2025-12-09T02:14:34+01:00	330989340	12	0	-36	1.0.0	1765242874
2025-12-09T02:14:41+01:00	330989340	10	0	-37	1.0.0	1765242880
2025-12-09T02:14:47+01:00	330989340	10	0	-36	1.0.0	1765242886
2025-12-09T02:14:52+01:00	330989340	13	0	-38	1.0.0	1765242892
2025-12-09T02:14:58+01:00	330989340	12	0	-37	1.0.0	1765242897
2025-12-09T02:15:04+01:00	330989340	11	0	-36	1.0.0	1765242903
2025-12-09T02:15:10+01:00	330989340	10	0	-36	1.0.0	1765242909
2025-12-09T02:15:15+01:00	330989340	11	0	-36	1.0.0	1765242915
2025-12-09T02:15:21+01:00	330989340	10	0	-36	1.0.0	1765242921
2025-12-09T02:15:27+01:00	330989340	11	0	-36	1.0.0	1765242926
2025-12-09T02:15:33+01:00	330989340	12	0	-36	1.0.0	1765242932
2025-12-09T02:15:39+01:00	330989340	12	0	-37	1.0.0	1765242938
2025-12-09T02:15:45+01:00	330989340	10	0	-36	1.0.0	1765242944
2025-12-09T02:15:51+01:00	330989340	11	0	-37	1.0.0	1765242950
2025-12-09T02:15:57+01:00	330989340	11	0	-36	1.0.0	1765242956
2025-12-09T02:16:02+01:00	330989340	10	0	-36	1.0.0	1765242962
2025-12-09T02:16:08+01:00	330989340	12	0	-37	1.0.0	1765242967
2025-12-09T02:16:14+01:00	330989340	10	0	-36	1.0.0	1765242973
2025-12-09T02:16:20+01:00	330989340	11	0	-36	1.0.0	1765242979
2025-12-09T02:16:26+01:00	330989340	12	0	-38	1.0.0	1765242985
2025-12-09T02:16:32+01:00	330989340	11	0	-36	1.0.0	1765242991
2025-12-09T02:16:37+01:00	330989340	11	0	-36	1.0.0	1765242997
2025-12-09T02:16:43+01:00	330989340	11	0	-36	1.0.0	1765243003
2025-12-09T02:16:49+01:00	330989340	11	0	-37	1.0.0	1765243008
2025-12-09T02:16:55+01:00	330989340	10	0	-38	1.0.0	1765243014
2025-12-09T02:17:01+01:00	330989340	10	0	-38	1.0.0	1765243020
2025-12-09T02:17:07+01:00	330989340	11	0	-37	1.0.0	1765243026
2025-12-09T02:17:12+01:00	330989340	11	0	-36	1.0.0	1765243032
2025-12-09T02:17:18+01:00	330989340	11	0	-39	1.0.0	1765243037
2025-12-09T02:17:24+01:00	330989340	10	0	-37	1.0.0	1765243043
2025-12-09T02:17:30+01:00	330989340	10	0	-39	1.0.0	1765243049
2025-12-09T02:17:36+01:00	330989340	11	0	-37	1.0.0	1765243055
2025-12-09T02:17:42+01:00	330989340	10	0	-37	1.0.0	1765243061
2025-12-09T02:17:47+01:00	330989340	10	0	-38	1.0.0	1765243067
2025-12-09T02:17:53+01:00	330989340	11	0	-41	1.0.0	1765243073
2025-12-09T02:17:59+01:00	330989340	10	0	-38	1.0.0	1765243078
2025-12-09T02:18:05+01:00	330989340	13	0	-41	1.0.0	1765243084
2025-12-09T02:18:11+01:00	330989340	12	0	-37	1.0.0	1765243090
2025-12-09T02:18:17+01:00	330989340	12	0	-37	1.0.0	1765243096
2025-12-09T02:18:23+01:00	330989340	12	0	-39	1.0.0	1765243102
2025-12-09T02:18:29+01:00	330989340	10	0	-42	1.0.0	1765243108
2025-12-09T02:18:35+01:00	330989340	12	0	-41	1.0.0	1765243114
2025-12-09T02:18:40+01:00	330989340	11	0	-42	1.0.0	1765243120
2025-12-09T02:18:46+01:00	330989340	11	0	-41	1.0.0	1765243126
2025-12-09T02:18:52+01:00	330989340	11	0	-37	1.0.0	1765243131
2025-12-09T02:18:58+01:00	330989340	11	0	-37	1.0.0	1765243137
2025-12-09T02:19:04+01:00	330989340	11	0	-42	1.0.0	1765243143
2025-12-09T02:19:10+01:00	330989340	11	0	-43	1.0.0	1765243149
2025-12-09T02:19:15+01:00	330989340	11	0	-41	1.0.0	1765243155
2025-12-09T02:19:21+01:00	330989340	10	0	-41	1.0.0	1765243160
2025-12-09T02:19:27+01:00	330989340	10	0	-41	1.0.0	1765243166
2025-12-09T02:19:33+01:00	330989340	11	0	-37	1.0.0	1765243172
2025-12-09T02:19:39+01:00	330989340	11	0	-37	1.0.0	1765243178
2025-12-09T02:19:44+01:00	330989340	11	0	-37	1.0.0	1765243184
2025-12-09T02:19:50+01:00	330989340	12	0	-37	1.0.0	1765243189
2025-12-09T02:19:56+01:00	330989340	12	0	-37	1.0.0	1765243195
2025-12-09T02:20:02+01:00	330989340	12	0	-37	1.0.0	1765243201
2025-12-09T02:20:08+01:00	330989340	11	0	-37	1.0.0	1765243207
2025-12-09T02:20:14+01:00	330989340	11	0	-37	1.0.0	1765243213
2025-12-09T02:20:19+01:00	330989340	11	0	-41	1.0.0	1765243219
2025-12-09T02:20:25+01:00	330989340	11	0	-37	1.0.0	1765243224
2025-12-09T02:20:31+01:00	330989340	10	0	-37	1.0.0	1765243230
2025-12-09T02:20:37+01:00	330989340	10	0	-36	1.0.0	1765243236
2025-12-09T02:20:42+01:00	330989340	10	0	-36	1.0.0	1765243242
2025-12-09T02:20:48+01:00	330989340	12	0	-36	1.0.0	1765243247
2025-12-09T02:20:54+01:00	330989340	10	0	-36	1.0.0	1765243254
2025-12-09T02:21:00+01:00	330989340	10	0	-37	1.0.0	1765243259
2025-12-09T02:21:06+01:00	330989340	10	0	-37	1.0.0	1765243265
2025-12-09T02:21:12+01:00	330989340	11	0	-36	1.0.0	1765243271
2025-12-09T02:21:17+01:00	330989340	11	0	-37	1.0.0	1765243277
2025-12-09T02:21:23+01:00	330989340	11	0	-36	1.0.0	1765243282
2025-12-09T02:21:29+01:00	330989340	12	0	-36	1.0.0	1765243288
2025-12-09T02:21:35+01:00	330989340	11	0	-37	1.0.0	1765243294
2025-12-09T02:21:41+01:00	330989340	12	0	-36	1.0.0	1765243300
2025-12-09T02:21:47+01:00	330989340	10	0	-37	1.0.0	1765243306
2025-12-09T02:21:53+01:00	330989340	11	0	-37	1.0.0	1765243312
2025-12-09T02:21:59+01:00	330989340	9	0	-37	1.0.0	1765243318
2025-12-09T02:22:05+01:00	330989340	12	0	-37	1.0.0	1765243324
2025-12-09T02:22:10+01:00	330989340	12	0	-37	1.0.0	1765243330
2025-12-09T02:22:16+01:00	330989340	10	0	-37	1.0.0	1765243335
2025-12-09T02:22:22+01:00	330989340	10	0	-36	1.0.0	1765243341
2025-12-09T02:22:28+01:00	330989340	11	0	-38	1.0.0	1765243347
2025-12-09T02:22:34+01:00	330989340	11	0	-38	1.0.0	1765243353
2025-12-09T02:22:40+01:00	330989340	11	0	-37	1.0.0	1765243359
2025-12-09T02:22:45+01:00	330989340	12	0	-37	1.0.0	1765243365
2025-12-09T02:22:51+01:00	330989340	10	0	-37	1.0.0	1765243371
2025-12-09T02:22:57+01:00	330989340	10	0	-38	1.0.0	1765243376
2025-12-09T02:23:03+01:00	330989340	10	0	-37	1.0.0	1765243382
2025-12-09T02:23:09+01:00	330989340	10	0	-37	1.0.0	1765243388
2025-12-09T02:23:15+01:00	330989340	10	0	-36	1.0.0	1765243394
2025-12-09T02:23:20+01:00	330989340	10	0	-36	1.0.0	1765243400
2025-12-09T02:23:26+01:00	330989340	10	0	-37	1.0.0	1765243406
2025-12-09T02:23:32+01:00	330989340	11	0	-37	1.0.0	1765243411
2025-12-09T02:23:38+01:00	330989340	10	0	-38	1.0.0	1765243417
2025-12-09T02:23:44+01:00	330989340	10	0	-37	1.0.0	1765243423
2025-12-09T02:23:50+01:00	330989340	10	0	-36	1.0.0	1765243429
2025-12-09T02:23:56+01:00	330989340	11	0	-37	1.0.0	1765243435
2025-12-09T02:24:02+01:00	330989340	11	0	-38	1.0.0	1765243441
2025-12-09T02:24:07+01:00	330989340	10	0	-37	1.0.0	1765243447
2025-12-09T02:24:13+01:00	330989340	10	0	-37	1.0.0	1765243452
2025-12-09T02:24:19+01:00	330989340	11	0	-37	1.0.0	1765243458
2025-12-09T02:24:25+01:00	330989340	11	0	-39	1.0.0	1765243464
2025-12-09T02:24:31+01:00	330989340	11	0	-41	1.0.0	1765243470
2025-12-09T02:24:37+01:00	330989340	10	0	-42	1.0.0	1765243476
2025-12-09T02:24:42+01:00	330989340	10	0	-38	1.0.0	1765243482
2025-12-09T02:24:48+01:00	330989340	10	0	-41	1.0.0	1765243487
2025-12-09T02:24:54+01:00	330989340	10	0	-37	1.0.0	1765243493
2025-12-09T02:25:00+01:00	330989340	10	0	-37	1.0.0	1765243499
2025-12-09T02:25:06+01:00	330989340	10	0	-39	1.0.0	1765243505
2025-12-09T02:25:12+01:00	330989340	9	0	-37	1.0.0	1765243511
2025-12-09T02:25:18+01:00	330989340	11	0	-42	1.0.0	1765243517
2025-12-09T02:25:23+01:00	330989340	11	0	-38	1.0.0	1765243523
2025-12-09T02:25:29+01:00	330989340	10	0	-38	1.0.0	1765243528
2025-12-09T02:25:35+01:00	330989340	10	0	-42	1.0.0	1765243534
2025-12-09T02:25:41+01:00	330989340	11	0	-38	1.0.0	1765243540
2025-12-09T02:25:47+01:00	330989340	10	0	-37	1.0.0	1765243546
2025-12-09T02:25:52+01:00	330989340	11	0	-37	1.0.0	1765243552
2025-12-09T02:25:58+01:00	330989340	12	0	-37	1.0.0	1765243557
2025-12-09T02:26:04+01:00	330989340	11	0	-37	1.0.0	1765243563
2025-12-09T02:26:10+01:00	330989340	11	0	-37	1.0.0	1765243569
2025-12-09T02:26:16+01:00	330989340	10	0	-41	1.0.0	1765243575
2025-12-09T02:26:22+01:00	330989340	10	0	-37	1.0.0	1765243581
2025-12-09T02:26:27+01:00	330989340	11	0	-37	1.0.0	1765243587
2025-12-09T02:26:33+01:00	330989340	11	0	-37	1.0.0	1765243592
2025-12-09T02:26:39+01:00	330989340	11	0	-37	1.0.0	1765243598
2025-12-09T02:26:45+01:00	330989340	10	0	-37	1.0.0	1765243604
2025-12-09T02:26:51+01:00	330989340	11	0	-37	1.0.0	1765243610
2025-12-09T02:26:57+01:00	330989340	10	0	-41	1.0.0	1765243616
2025-12-09T02:27:02+01:00	330989340	10	0	-37	1.0.0	1765243622
2025-12-09T02:27:08+01:00	330989340	10	0	-41	1.0.0	1765243627
2025-12-09T02:27:14+01:00	330989340	11	0	-37	1.0.0	1765243633
2025-12-09T02:27:21+01:00	330989340	11	0	-37	1.0.0	1765243639
2025-12-09T02:27:27+01:00	330989340	10	0	-37	1.0.0	1765243647
2025-12-09T02:27:33+01:00	330989340	12	0	-37	1.0.0	1765243652
2025-12-09T02:27:39+01:00	330989340	12	0	-42	1.0.0	1765243658
2025-12-09T02:27:45+01:00	330989340	10	0	-37	1.0.0	1765243664
2025-12-09T02:27:51+01:00	330989340	11	0	-38	1.0.0	1765243670
2025-12-09T02:27:56+01:00	330989340	10	0	-37	1.0.0	1765243676
2025-12-09T02:28:02+01:00	330989340	12	0	-37	1.0.0	1765243681
2025-12-09T02:28:08+01:00	330989340	11	0	-37	1.0.0	1765243687
2025-12-09T02:28:14+01:00	330989340	11	0	-41	1.0.0	1765243693
2025-12-09T02:28:20+01:00	330989340	11	0	-37	1.0.0	1765243699
2025-12-09T02:28:25+01:00	330989340	9	0	-37	1.0.0	1765243705
2025-12-09T02:28:31+01:00	330989340	10	0	-37	1.0.0	1765243710
2025-12-09T02:28:37+01:00	330989340	10	0	-41	1.0.0	1765243716
2025-12-09T02:28:43+01:00	330989340	10	0	-42	1.0.0	1765243722
2025-12-09T02:28:48+01:00	330989340	10	0	-42	1.0.0	1765243728
2025-12-09T02:28:54+01:00	330989340	10	0	-42	1.0.0	1765243733
2025-12-09T02:29:00+01:00	330989340	10	0	-37	1.0.0	1765243739
2025-12-09T02:29:06+01:00	330989340	10	0	-38	1.0.0	1765243745
2025-12-09T02:29:12+01:00	330989340	10	0	-38	1.0.0	1765243751
2025-12-09T02:29:18+01:00	330989340	11	0	-38	1.0.0	1765243757
2025-12-09T02:29:23+01:00	330989340	10	0	-38	1.0.0	1765243763
2025-12-09T02:29:29+01:00	330989340	11	0	-38	1.0.0	1765243768
2025-12-09T02:29:35+01:00	330989340	10	0	-42	1.0.0	1765243774
2025-12-09T02:29:41+01:00	330989340	11	0	-38	1.0.0	1765243780
2025-12-09T02:29:47+01:00	330989340	12	0	-42	1.0.0	1765243786
2025-12-09T02:29:53+01:00	330989340	10	0	-42	1.0.0	1765243792
2025-12-09T02:29:58+01:00	330989340	10	0	-42	1.0.0	1765243798
2025-12-09T02:30:04+01:00	330989340	11	0	-42	1.0.0	1765243803
2025-12-09T02:30:10+01:00	330989340	10	0	-40	1.0.0	1765243809
2025-12-09T02:30:16+01:00	330989340	12	0	-42	1.0.0	1765243815
2025-12-09T02:30:21+01:00	330989340	10	0	-38	1.0.0	1765243821
2025-12-09T02:30:27+01:00	330989340	10	0	-42	1.0.0	1765243826
2025-12-09T02:30:33+01:00	330989340	10	0	-37	1.0.0	1765243832
2025-12-09T02:30:39+01:00	330989340	10	0	-38	1.0.0	1765243838
2025-12-09T02:30:45+01:00	330989340	10	0	-43	1.0.0	1765243844
2025-12-09T02:30:50+01:00	330989340	9	0	-42	1.0.0	1765243850
2025-12-09T02:30:56+01:00	330989340	11	0	-42	1.0.0	1765243855
2025-12-09T02:31:02+01:00	330989340	9	0	-38	1.0.0	1765243861
2025-12-09T02:31:08+01:00	330989340	11	0	-42	1.0.0	1765243867
2025-12-09T02:31:13+01:00	330989340	10	0	-42	1.0.0	1765243873
2025-12-09T02:31:19+01:00	330989340	9	0	-38	1.0.0	1765243878
2025-12-09T02:31:25+01:00	330989340	10	0	-39	1.0.0	1765243884
2025-12-09T02:31:31+01:00	330989340	10	0	-42	1.0.0	1765243890
2025-12-09T02:31:37+01:00	330989340	10	0	-39	1.0.0	1765243896
2025-12-09T02:31:42+01:00	330989340	11	0	-39	1.0.0	1765243902
2025-12-09T02:31:48+01:00	330989340	10	0	-38	1.0.0	1765243907
2025-12-09T02:31:54+01:00	330989340	9	0	-42	1.0.0	1765243913
2025-12-09T02:32:00+01:00	330989340	10	0	-38	1.0.0	1765243919
2025-12-09T02:32:06+01:00	330989340	11	0	-38	1.0.0	1765243925
2025-12-09T02:32:12+01:00	330989340	10	0	-37	1.0.0	1765243931
2025-12-09T02:32:20+01:00	330989340	11	0	-37	1.0.0	1765243937
2025-12-09T02:32:26+01:00	330989340	10	0	-38	1.0.0	1765243945
2025-12-09T02:32:31+01:00	330989340	11	0	-42	1.0.0	1765243951
2025-12-09T02:32:38+01:00	330989340	9	0	-55	1.0.0	1765243957
2025-12-09T02:32:44+01:00	330989340	11	0	-48	1.0.0	1765243963
2025-12-09T02:32:50+01:00	330989340	11	0	-47	1.0.0	1765243969
2025-12-09T02:32:56+01:00	330989340	10	0	-46	1.0.0	1765243975
2025-12-09T02:33:02+01:00	330989340	9	0	-46	1.0.0	1765243981
2025-12-09T02:33:08+01:00	330989340	10	0	-46	1.0.0	1765243987
2025-12-09T02:33:14+01:00	330989340	10	0	-46	1.0.0	1765243993
2025-12-09T02:33:20+01:00	330989340	10	0	-47	1.0.0	1765243999
2025-12-09T02:33:26+01:00	330989340	9	0	-47	1.0.0	1765244005
2025-12-09T02:33:32+01:00	330989340	10	0	-46	1.0.0	1765244011
2025-12-09T02:33:39+01:00	330989340	11	0	-48	1.0.0	1765244017
2025-12-09T02:33:44+01:00	330989340	10	0	-46	1.0.0	1765244024
2025-12-09T02:33:50+01:00	330989340	10	0	-46	1.0.0	1765244030
2025-12-09T02:33:56+01:00	330989340	11	0	-46	1.0.0	1765244035
2025-12-09T02:34:02+01:00	330989340	11	0	-46	1.0.0	1765244041
2025-12-09T02:34:09+01:00	330989340	10	0	-46	1.0.0	1765244047
2025-12-09T02:34:15+01:00	330989340	10	0	-45	1.0.0	1765244054
2025-12-09T02:34:21+01:00	330989340	9	0	-44	1.0.0	1765244060
2025-12-09T02:34:26+01:00	330989340	10	0	-44	1.0.0	1765244066
2025-12-09T02:34:32+01:00	330989340	11	0	-43	1.0.0	1765244072
2025-12-09T02:34:38+01:00	330989340	10	0	-44	1.0.0	1765244077
2025-12-09T02:34:44+01:00	330989340	10	0	-44	1.0.0	1765244083
2025-12-09T02:34:50+01:00	330989340	9	0	-44	1.0.0	1765244089
2025-12-09T02:34:56+01:00	330989340	10	0	-44	1.0.0	1765244095
2025-12-09T02:35:01+01:00	330989340	10	0	-44	1.0.0	1765244101
2025-12-09T02:35:07+01:00	330989340	11	0	-44	1.0.0	1765244106
2025-12-09T02:35:13+01:00	330989340	11	0	-45	1.0.0	1765244112
2025-12-09T02:35:19+01:00	330989340	12	0	-45	1.0.0	1765244118
2025-12-09T02:35:25+01:00	330989340	10	0	-46	1.0.0	1765244124
2025-12-09T02:35:30+01:00	330989340	10	0	-43	1.0.0	1765244130
2025-12-09T02:35:36+01:00	330989340	9	0	-43	1.0.0	1765244136
2025-12-09T02:35:42+01:00	330989340	10	0	-43	1.0.0	1765244142
2025-12-09T02:35:48+01:00	330989340	11	0	-43	1.0.0	1765244147
2025-12-09T02:35:54+01:00	330989340	12	0	-43	1.0.0	1765244153
2025-12-09T02:36:00+01:00	330989340	10	0	-43	1.0.0	1765244159
2025-12-09T02:36:06+01:00	330989340	11	0	-43	1.0.0	1765244165
2025-12-09T02:36:11+01:00	330989340	11	0	-43	1.0.0	1765244171
2025-12-09T02:36:17+01:00	330989340	10	0	-42	1.0.0	1765244176
2025-12-09T02:36:23+01:00	330989340	12	0	-45	1.0.0	1765244183
2025-12-09T02:36:29+01:00	330989340	11	0	-43	1.0.0	1765244188
2025-12-09T02:36:35+01:00	330989340	10	0	-43	1.0.0	1765244194
2025-12-09T02:36:41+01:00	330989340	9	0	-43	1.0.0	1765244200
2025-12-09T02:36:46+01:00	330989340	10	0	-44	1.0.0	1765244206
2025-12-09T02:36:52+01:00	330989340	10	0	-44	1.0.0	1765244211
2025-12-09T02:36:58+01:00	330989340	9	0	-44	1.0.0	1765244217
2025-12-09T02:37:06+01:00	330989340	11	0	-45	1.0.0	1765244223
2025-12-09T02:37:12+01:00	330989340	11	0	-45	1.0.0	1765244231
2025-12-09T02:37:18+01:00	330989340	10	0	-43	1.0.0	1765244237
2025-12-09T02:37:24+01:00	330989340	12	0	-44	1.0.0	1765244243
2025-12-09T02:37:29+01:00	330989340	11	0	-44	1.0.0	1765244249
2025-12-09T02:37:35+01:00	330989340	10	0	-44	1.0.0	1765244255
2025-12-09T02:37:41+01:00	330989340	12	0	-44	1.0.0	1765244260
2025-12-09T02:37:47+01:00	330989340	9	0	-44	1.0.0	1765244266
2025-12-09T02:37:53+01:00	330989340	11	0	-45	1.0.0	1765244272
2025-12-09T02:37:58+01:00	330989340	11	0	-46	1.0.0	1765244278
2025-12-09T02:38:04+01:00	330989340	12	0	-44	1.0.0	1765244283
2025-12-09T02:38:10+01:00	330989340	10	0	-45	1.0.0	1765244290
2025-12-09T02:38:16+01:00	330989340	11	0	-44	1.0.0	1765244295
2025-12-09T02:38:22+01:00	330989340	11	0	-44	1.0.0	1765244301
2025-12-09T02:38:27+01:00	330989340	10	0	-45	1.0.0	1765244307
2025-12-09T02:38:33+01:00	330989340	10	0	-46	1.0.0	1765244313
2025-12-09T02:38:39+01:00	330989340	11	0	-45	1.0.0	1765244318
2025-12-09T02:38:45+01:00	330989340	11	0	-44	1.0.0	1765244324
2025-12-09T02:38:51+01:00	330989340	11	0	-45	1.0.0	1765244330
2025-12-09T02:38:57+01:00	330989340	11	0	-46	1.0.0	1765244336
2025-12-09T02:39:02+01:00	330989340	10	0	-45	1.0.0	1765244342
2025-12-09T02:39:08+01:00	330989340	11	0	-46	1.0.0	1765244348
2025-12-09T02:39:14+01:00	330989340	10	0	-45	1.0.0	1765244353
2025-12-09T02:39:21+01:00	330989340	12	0	-45	1.0.0	1765244359
2025-12-09T02:39:27+01:00	330989340	9	0	-46	1.0.0	1765244366
2025-12-09T02:39:33+01:00	330989340	10	0	-46	1.0.0	1765244372
2025-12-09T02:39:38+01:00	330989340	11	0	-46	1.0.0	1765244378
2025-12-09T02:39:44+01:00	330989340	10	0	-46	1.0.0	1765244383
2025-12-09T02:39:50+01:00	330989340	12	0	-46	1.0.0	1765244389
2025-12-09T02:39:56+01:00	330989340	12	0	-45	1.0.0	1765244395
2025-12-09T02:40:02+01:00	330989340	11	0	-45	1.0.0	1765244401
2025-12-09T02:40:08+01:00	330989340	11	0	-44	1.0.0	1765244407
2025-12-09T02:40:14+01:00	330989340	11	0	-45	1.0.0	1765244413
2025-12-09T02:40:20+01:00	330989340	11	0	-45	1.0.0	1765244419
2025-12-09T02:40:25+01:00	330989340	10	0	-44	1.0.0	1765244425
2025-12-09T02:40:31+01:00	330989340	11	0	-45	1.0.0	1765244431
2025-12-09T02:40:37+01:00	330989340	11	0	-46	1.0.0	1765244436
2025-12-09T02:40:43+01:00	330989340	10	0	-46	1.0.0	1765244442
2025-12-09T02:40:49+01:00	330989340	10	0	-45	1.0.0	1765244448
2025-12-09T02:40:55+01:00	330989340	11	0	-45	1.0.0	1765244454
2025-12-09T02:41:01+01:00	330989340	11	0	-45	1.0.0	1765244460
2025-12-09T02:41:07+01:00	330989340	11	0	-44	1.0.0	1765244466
2025-12-09T02:41:12+01:00	330989340	10	0	-46	1.0.0	1765244472
2025-12-09T02:41:18+01:00	330989340	10	0	-45	1.0.0	1765244478
2025-12-09T02:41:24+01:00	330989340	10	0	-45	1.0.0	1765244483
2025-12-09T02:41:30+01:00	330989340	12	0	-45	1.0.0	1765244489
2025-12-09T02:41:36+01:00	330989340	10	0	-45	1.0.0	1765244495
2025-12-09T02:41:42+01:00	330989340	11	0	-45	1.0.0	1765244501
2025-12-09T02:41:47+01:00	330989340	12	0	-45	1.0.0	1765244507
2025-12-09T02:41:53+01:00	330989340	11	0	-47	1.0.0	1765244512
2025-12-09T02:41:59+01:00	330989340	9	0	-46	1.0.0	1765244518
2025-12-09T02:42:05+01:00	330989340	11	0	-46	1.0.0	1765244524
2025-12-09T02:42:11+01:00	330989340	11	0	-43	1.0.0	1765244530
2025-12-09T02:42:17+01:00	330989340	10	0	-43	1.0.0	1765244536
2025-12-09T02:42:23+01:00	330989340	10	0	-43	1.0.0	1765244542
2025-12-09T02:42:28+01:00	330989340	10	0	-43	1.0.0	1765244548
2025-12-09T02:42:34+01:00	330989340	10	0	-42	1.0.0	1765244554
2025-12-09T02:42:40+01:00	330989340	10	0	-42	1.0.0	1765244560
2025-12-09T02:42:46+01:00	330989340	9	0	-42	1.0.0	1765244565
2025-12-09T02:42:52+01:00	330989340	10	0	-44	1.0.0	1765244571
2025-12-09T02:42:58+01:00	330989340	11	0	-44	1.0.0	1765244577
2025-12-09T02:43:03+01:00	330989340	10	0	-42	1.0.0	1765244583
2025-12-09T02:43:09+01:00	330989340	11	0	-42	1.0.0	1765244588
2025-12-09T02:43:15+01:00	330989340	9	0	-42	1.0.0	1765244594
2025-12-09T02:43:21+01:00	330989340	9	0	-42	1.0.0	1765244600
2025-12-09T02:43:27+01:00	330989340	10	0	-42	1.0.0	1765244606
2025-12-09T02:43:33+01:00	330989340	9	0	-43	1.0.0	1765244612
2025-12-09T02:43:39+01:00	330989340	11	0	-43	1.0.0	1765244618
2025-12-09T02:43:44+01:00	330989340	10	0	-44	1.0.0	1765244624
2025-12-09T02:43:50+01:00	330989340	9	0	-42	1.0.0	1765244630
2025-12-09T02:43:56+01:00	330989340	11	0	-42	1.0.0	1765244635
2025-12-09T02:44:02+01:00	330989340	9	0	-42	1.0.0	1765244641
2025-12-09T02:44:08+01:00	330989340	11	0	-43	1.0.0	1765244647
2025-12-09T02:44:14+01:00	330989340	9	0	-44	1.0.0	1765244653
2025-12-09T02:44:19+01:00	330989340	11	0	-53	1.0.0	1765244659
2025-12-09T02:44:25+01:00	330989340	11	0	-55	1.0.0	1765244665
2025-12-09T02:44:31+01:00	330989340	11	0	-54	1.0.0	1765244670
2025-12-09T02:44:37+01:00	330989340	9	0	-55	1.0.0	1765244676
2025-12-09T02:44:43+01:00	330989340	10	0	-53	1.0.0	1765244682
2025-12-09T02:44:49+01:00	330989340	10	0	-55	1.0.0	1765244688
2025-12-09T02:44:55+01:00	330989340	10	0	-53	1.0.0	1765244694
2025-12-09T02:45:00+01:00	330989340	10	0	-53	1.0.0	1765244700
2025-12-09T02:45:06+01:00	330989340	11	0	-53	1.0.0	1765244705
2025-12-09T02:45:12+01:00	330989340	9	0	-48	1.0.0	1765244711
2025-12-09T02:45:18+01:00	330989340	10	0	-50	1.0.0	1765244717
2025-12-09T02:45:24+01:00	330989340	11	0	-49	1.0.0	1765244723
2025-12-09T02:45:30+01:00	330989340	10	0	-53	1.0.0	1765244729
2025-12-09T02:45:36+01:00	330989340	10	0	-50	1.0.0	1765244735
2025-12-09T02:45:42+01:00	330989340	10	0	-53	1.0.0	1765244741
2025-12-09T02:45:47+01:00	330989340	10	0	-56	1.0.0	1765244747
2025-12-09T02:45:53+01:00	330989340	9	0	-54	1.0.0	1765244753
2025-12-09T02:45:59+01:00	330989340	11	0	-53	1.0.0	1765244759
2025-12-09T02:46:05+01:00	330989340	11	0	-54	1.0.0	1765244764
2025-12-09T02:46:11+01:00	330989340	9	0	-55	1.0.0	1765244770
2025-12-09T02:46:17+01:00	330989340	10	0	-57	1.0.0	1765244776
2025-12-09T02:46:23+01:00	330989340	11	0	-58	1.0.0	1765244782
2025-12-09T02:46:28+01:00	330989340	10	0	-55	1.0.0	1765244788
2025-12-09T02:46:34+01:00	330989340	10	0	-55	1.0.0	1765244794
2025-12-09T02:46:40+01:00	330989340	10	0	-55	1.0.0	1765244799
2025-12-09T02:46:46+01:00	330989340	10	0	-59	1.0.0	1765244805
2025-12-09T02:46:52+01:00	330989340	9	0	-56	1.0.0	1765244811
2025-12-09T02:46:58+01:00	330989340	11	0	-53	1.0.0	1765244817
2025-12-09T02:47:04+01:00	330989340	10	0	-44	1.0.0	1765244823
2025-12-09T02:47:10+01:00	330989340	11	0	-44	1.0.0	1765244829
2025-12-09T02:47:16+01:00	330989340	10	0	-46	1.0.0	1765244835
2025-12-09T02:47:22+01:00	330989340	10	0	-37	1.0.0	1765244841
2025-12-09T02:47:28+01:00	330989340	10	0	-42	1.0.0	1765244847
2025-12-09T02:47:34+01:00	330989340	11	0	-39	1.0.0	1765244853
2025-12-09T02:47:40+01:00	330989340	10	0	-37	1.0.0	1765244859
2025-12-09T02:47:46+01:00	330989340	9	0	-37	1.0.0	1765244865
2025-12-09T02:47:52+01:00	330989340	11	0	-37	1.0.0	1765244871
2025-12-09T02:47:58+01:00	330989340	11	0	-37	1.0.0	1765244877
2025-12-09T02:48:04+01:00	330989340	9	0	-37	1.0.0	1765244883
2025-12-09T02:48:10+01:00	330989340	10	0	-37	1.0.0	1765244889
2025-12-09T02:48:16+01:00	330989340	11	0	-37	1.0.0	1765244895
2025-12-09T02:48:22+01:00	330989340	10	0	-36	1.0.0	1765244901
2025-12-09T02:48:28+01:00	330989340	9	0	-37	1.0.0	1765244907
2025-12-09T02:48:34+01:00	330989340	11	0	-36	1.0.0	1765244913
2025-12-09T02:48:40+01:00	330989340	9	0	-37	1.0.0	1765244919
2025-12-09T02:48:46+01:00	330989340	10	0	-36	1.0.0	1765244925
2025-12-09T02:48:52+01:00	330989340	1661	0	-35	1.0.0	1765244931
2025-12-09T02:48:58+01:00	330989340	1662	0	-36	1.0.0	1765244937
2025-12-09T02:49:04+01:00	330989340	1661	0	-36	1.0.0	1765244943
2025-12-09T02:49:10+01:00	330989340	1661	0	-36	1.0.0	1765244949
2025-12-09T02:49:15+01:00	330989340	1660	0	-37	1.0.0	1765244955
2025-12-09T02:49:21+01:00	330989340	1660	0	-36	1.0.0	1765244961
2025-12-09T02:49:27+01:00	330989340	1659	0	-36	1.0.0	1765244966
2025-12-09T02:49:33+01:00	330989340	1660	0	-37	1.0.0	1765244972
2025-12-09T02:49:39+01:00	330989340	1660	0	-36	1.0.0	1765244978
2025-12-09T02:49:44+01:00	330989340	1659	0	-37	1.0.0	1765244984
2025-12-09T02:49:50+01:00	330989340	1659	0	-36	1.0.0	1765244989
2025-12-09T02:49:56+01:00	330989340	1658	0	-38	1.0.0	1765244995
2025-12-09T02:50:02+01:00	330989340	1658	0	-36	1.0.0	1765245001
2025-12-09T02:50:07+01:00	330989340	1659	0	-35	1.0.0	1765245007
2025-12-09T02:50:13+01:00	330989340	1659	0	-36	1.0.0	1765245013
2025-12-09T02:50:19+01:00	330989340	1658	0	-36	1.0.0	1765245018
2025-12-09T02:50:25+01:00	330989340	1659	0	-36	1.0.0	1765245024
2025-12-09T02:50:31+01:00	330989340	1659	0	-36	1.0.0	1765245030
2025-12-09T02:50:37+01:00	330989340	1659	0	-36	1.0.0	1765245036
2025-12-09T02:50:43+01:00	330989340	1659	0	-36	1.0.0	1765245042
2025-12-09T02:50:48+01:00	330989340	1657	0	-36	1.0.0	1765245048
2025-12-09T02:50:54+01:00	330989340	1657	0	-36	1.0.0	1765245054
2025-12-09T02:51:00+01:00	330989340	1657	0	-36	1.0.0	1765245059
2025-12-09T02:51:06+01:00	330989340	1657	0	-36	1.0.0	1765245065
2025-12-09T02:51:11+01:00	330989340	1656	0	-36	1.0.0	1765245071
2025-12-09T02:51:17+01:00	330989340	1657	0	-36	1.0.0	1765245077
2025-12-09T02:51:23+01:00	330989340	1657	0	-36	1.0.0	1765245082
2025-12-09T02:51:29+01:00	330989340	1656	0	-36	1.0.0	1765245088
2025-12-09T02:51:35+01:00	330989340	1657	0	-36	1.0.0	1765245094
2025-12-09T02:51:41+01:00	330989340	1656	0	-36	1.0.0	1765245100
2025-12-09T02:51:47+01:00	330989340	1655	0	-36	1.0.0	1765245106
2025-12-09T02:51:52+01:00	330989340	1657	0	-37	1.0.0	1765245112
2025-12-09T02:51:58+01:00	330989340	1657	0	-36	1.0.0	1765245118
2025-12-09T02:52:04+01:00	330989340	1656	0	-37	1.0.0	1765245123
2025-12-09T02:52:10+01:00	330989340	1655	0	-36	1.0.0	1765245129
2025-12-09T02:52:16+01:00	330989340	1656	0	-37	1.0.0	1765245135
2025-12-09T02:52:22+01:00	330989340	1657	0	-37	1.0.0	1765245141
2025-12-09T02:52:27+01:00	330989340	1656	0	-37	1.0.0	1765245147
2025-12-09T02:52:33+01:00	330989340	1656	0	-38	1.0.0	1765245153
2025-12-09T02:52:39+01:00	330989340	1655	0	-36	1.0.0	1765245158
2025-12-09T02:52:46+01:00	330989340	1658	0	-38	1.0.0	1765245164
2025-12-09T02:52:52+01:00	330989340	1657	0	-41	1.0.0	1765245171
2025-12-09T02:52:58+01:00	330989340	1658	0	-37	1.0.0	1765245177
2025-12-09T02:53:03+01:00	330989340	1657	0	-37	1.0.0	1765245183
2025-12-09T02:53:09+01:00	330989340	1658	0	-37	1.0.0	1765245189
2025-12-09T02:53:15+01:00	330989340	1658	0	-37	1.0.0	1765245194
2025-12-09T02:53:21+01:00	330989340	1659	0	-37	1.0.0	1765245200
2025-12-09T02:53:27+01:00	330989340	1659	0	-44	1.0.0	1765245206
2025-12-09T02:53:32+01:00	330989340	1659	0	-42	1.0.0	1765245212
2025-12-09T02:53:38+01:00	330989340	1659	0	-42	1.0.0	1765245217
2025-12-09T02:53:44+01:00	330989340	1659	0	-42	1.0.0	1765245223
2025-12-09T02:53:50+01:00	330989340	1659	0	-43	1.0.0	1765245229
2025-12-09T02:53:56+01:00	330989340	1659	0	-42	1.0.0	1765245235
2025-12-09T02:54:02+01:00	330989340	1659	0	-42	1.0.0	1765245241
2025-12-09T02:54:08+01:00	330989340	1659	0	-42	1.0.0	1765245247
2025-12-09T02:54:14+01:00	330989340	1659	0	-42	1.0.0	1765245253
2025-12-09T02:54:20+01:00	330989340	1659	0	-42	1.0.0	1765245259
2025-12-09T02:54:25+01:00	330989340	1659	0	-43	1.0.0	1765245265
2025-12-09T02:54:31+01:00	330989340	1658	0	-43	1.0.0	1765245271
2025-12-09T02:54:37+01:00	330989340	1658	0	-43	1.0.0	1765245277
2025-12-09T02:54:43+01:00	330989340	1659	0	-43	1.0.0	1765245282
2025-12-09T02:54:49+01:00	330989340	1659	0	-43	1.0.0	1765245288
2025-12-09T02:54:55+01:00	330989340	1659	0	-43	1.0.0	1765245294
2025-12-09T02:55:01+01:00	330989340	1659	0	-42	1.0.0	1765245300
2025-12-09T02:55:07+01:00	330989340	1659	0	-43	1.0.0	1765245306
2025-12-09T02:55:13+01:00	330989340	1659	0	-42	1.0.0	1765245312
2025-12-09T02:55:19+01:00	330989340	1659	0	-43	1.0.0	1765245318
2025-12-09T02:55:25+01:00	330989340	1659	0	-42	1.0.0	1765245324
2025-12-09T02:55:30+01:00	330989340	1659	0	-43	1.0.0	1765245330
2025-12-09T02:55:36+01:00	330989340	1659	0	-43	1.0.0	1765245336
2025-12-09T02:55:42+01:00	330989340	1658	0	-42	1.0.0	1765245341
